2022-06-20 00:56:52,068 - root - DEBUG - Opening watch face './gtsmini_5922.bin'
2022-06-20 00:56:52,068 - root - DEBUG - Reading parameters...
2022-06-20 00:56:52,068 - root - INFO - Reading header...
2022-06-20 00:56:52,068 - root - INFO - Header was read:
2022-06-20 00:56:52,068 - root - INFO - Signature: b'UIHH\x01\x00\xff', Unknown: 84, ParametersSize: 54, isValid: True, deviceId: 73
2022-06-20 00:56:52,068 - root - INFO - Reading parameter offsets...
2022-06-20 00:56:52,068 - root - INFO - Parameter offsets were read from file
2022-06-20 00:56:52,068 - root - INFO - Reading parameters descriptor...
2022-06-20 00:56:52,068 - root - INFO - 1 ( A): 5 bytes
2022-06-20 00:56:52,068 - root - INFO -     1 ( 8): 349 15D
2022-06-20 00:56:52,068 - root - INFO -     2 (10): 87 57
2022-06-20 00:56:52,068 - root - INFO - getParameters descriptor was read:
2022-06-20 00:56:52,068 - root - INFO - ParametersTableLength: 349, ImagesCount: 87
2022-06-20 00:56:52,068 - root - INFO - Reading parameters locations...
2022-06-20 00:56:52,068 - root - INFO - 2 (12): 4 bytes
2022-06-20 00:56:52,068 - root - INFO -     1 ( 8): 0  0
2022-06-20 00:56:52,068 - root - INFO -     2 (10): 32 20
2022-06-20 00:56:52,069 - root - INFO - 4 (22): 4 bytes
2022-06-20 00:56:52,069 - root - INFO -     1 ( 8): 32 20
2022-06-20 00:56:52,069 - root - INFO -     2 (10): 74 4A
2022-06-20 00:56:52,069 - root - INFO - 5 (2A): 4 bytes
2022-06-20 00:56:52,069 - root - INFO -     1 ( 8): 106 6A
2022-06-20 00:56:52,069 - root - INFO -     2 (10): 84 54
2022-06-20 00:56:52,069 - root - INFO - 6 (32): 5 bytes
2022-06-20 00:56:52,069 - root - INFO -     1 ( 8): 190 BE
2022-06-20 00:56:52,069 - root - INFO -     2 (10): 42 2A
2022-06-20 00:56:52,069 - root - INFO - 8 (42): 5 bytes
2022-06-20 00:56:52,069 - root - INFO -     1 ( 8): 232 E8
2022-06-20 00:56:52,069 - root - INFO -     2 (10): 30 1E
2022-06-20 00:56:52,069 - root - INFO - 9 (4A): 5 bytes
2022-06-20 00:56:52,069 - root - INFO -     1 ( 8): 262 106
2022-06-20 00:56:52,069 - root - INFO -     2 (10): 26 1A
2022-06-20 00:56:52,069 - root - INFO - 21 (AA): 5 bytes
2022-06-20 00:56:52,069 - root - INFO -     1 ( 8): 288 120
2022-06-20 00:56:52,069 - root - INFO -     2 (10): 61 3D
2022-06-20 00:56:52,069 - root - INFO - Watch face parameters locations were read:
2022-06-20 00:56:52,069 - root - INFO - Reading descriptor for parameter 2
2022-06-20 00:56:52,069 - root - INFO - Descriptor offset: 0, Descriptor length: 32
2022-06-20 00:56:52,069 - root - INFO - Parsing descriptor for parameter 2...
2022-06-20 00:56:52,069 - root - INFO - 1 ( A): 6 bytes
2022-06-20 00:56:52,069 - root - INFO -     1 ( 8): 0  0
2022-06-20 00:56:52,069 - root - INFO -     2 (10): 0  0
2022-06-20 00:56:52,069 - root - INFO -     3 (18): 0  0
2022-06-20 00:56:52,069 - root - INFO - 3 (1A): 6 bytes
2022-06-20 00:56:52,070 - root - INFO -     1 ( 8): 0  0
2022-06-20 00:56:52,070 - root - INFO -     2 (10): 0  0
2022-06-20 00:56:52,070 - root - INFO -     3 (18): 1  1
2022-06-20 00:56:52,070 - root - INFO - 4 (22): 6 bytes
2022-06-20 00:56:52,070 - root - INFO -     1 ( 8): 0  0
2022-06-20 00:56:52,070 - root - INFO -     2 (10): 0  0
2022-06-20 00:56:52,070 - root - INFO -     3 (18): 1  1
2022-06-20 00:56:52,070 - root - INFO - 5 (2A): 6 bytes
2022-06-20 00:56:52,070 - root - INFO -     1 ( 8): 0  0
2022-06-20 00:56:52,070 - root - INFO -     2 (10): 0  0
2022-06-20 00:56:52,070 - root - INFO -     3 (18): 1  1
2022-06-20 00:56:52,070 - root - INFO - Reading descriptor for parameter 4
2022-06-20 00:56:52,070 - root - INFO - Descriptor offset: 32, Descriptor length: 74
2022-06-20 00:56:52,070 - root - INFO - Parsing descriptor for parameter 4...
2022-06-20 00:56:52,070 - root - INFO - 1 ( A): 34 bytes
2022-06-20 00:56:52,070 - root - INFO -     1 ( A): 22 bytes
2022-06-20 00:56:52,070 - root - INFO -         1 ( 8): 197 C5
2022-06-20 00:56:52,070 - root - INFO -         2 (10): 319 13F
2022-06-20 00:56:52,070 - root - INFO -         3 (18): 273 111
2022-06-20 00:56:52,070 - root - INFO -         4 (20): 339 153
2022-06-20 00:56:52,070 - root - INFO -         5 (28): 18 12
2022-06-20 00:56:52,070 - root - INFO -         6 (30): 2  2
2022-06-20 00:56:52,070 - root - INFO -         7 (38): 0  0
2022-06-20 00:56:52,070 - root - INFO -         8 (40): 31 1F
2022-06-20 00:56:52,070 - root - INFO -         9 (48): 10  A
2022-06-20 00:56:52,070 - root - INFO -     4 (22): 8 bytes
2022-06-20 00:56:52,070 - root - INFO -         1 ( 8): 162 A2
2022-06-20 00:56:52,070 - root - INFO -         2 (10): 319 13F
2022-06-20 00:56:52,070 - root - INFO -         3 (18): 41 29
2022-06-20 00:56:52,070 - root - INFO - 5 (2A): 34 bytes
2022-06-20 00:56:52,070 - root - INFO -     1 ( A): 21 bytes
2022-06-20 00:56:52,071 - root - INFO -         1 ( 8): 95 5F
2022-06-20 00:56:52,071 - root - INFO -         2 (10): 319 13F
2022-06-20 00:56:52,071 - root - INFO -         3 (18): 144 90
2022-06-20 00:56:52,071 - root - INFO -         4 (20): 339 153
2022-06-20 00:56:52,071 - root - INFO -         5 (28): 18 12
2022-06-20 00:56:52,071 - root - INFO -         6 (30): 1  1
2022-06-20 00:56:52,071 - root - INFO -         7 (38): 0  0
2022-06-20 00:56:52,071 - root - INFO -         8 (40): 31 1F
2022-06-20 00:56:52,071 - root - INFO -         9 (48): 10  A
2022-06-20 00:56:52,071 - root - INFO -     3 (18): 42 2A
2022-06-20 00:56:52,071 - root - INFO -     5 (2A): 7 bytes
2022-06-20 00:56:52,071 - root - INFO -         1 ( 8): 51 33
2022-06-20 00:56:52,071 - root - INFO -         2 (10): 319 13F
2022-06-20 00:56:52,071 - root - INFO -         3 (18): 43 2B
2022-06-20 00:56:52,071 - root - INFO - 7 (38): 0  0
2022-06-20 00:56:52,071 - root - INFO - Reading descriptor for parameter 5
2022-06-20 00:56:52,071 - root - INFO - Descriptor offset: 106, Descriptor length: 84
2022-06-20 00:56:52,071 - root - INFO - Parsing descriptor for parameter 5...
2022-06-20 00:56:52,071 - root - INFO - 1 ( A): 52 bytes
2022-06-20 00:56:52,071 - root - INFO -     4 (20): 0  0
2022-06-20 00:56:52,071 - root - INFO -     5 (28): 1  1
2022-06-20 00:56:52,071 - root - INFO -     6 (30): 0  0
2022-06-20 00:56:52,071 - root - INFO -     9 (4A): 44 bytes
2022-06-20 00:56:52,071 - root - INFO -         3 (1A): 18 bytes
2022-06-20 00:56:52,071 - root - INFO -             1 ( 8): 57 39
2022-06-20 00:56:52,071 - root - INFO -             2 (10): 126 7E
2022-06-20 00:56:52,071 - root - INFO -             3 (18): 58 3A
2022-06-20 00:56:52,071 - root - INFO -             4 (20): 127 7F
2022-06-20 00:56:52,071 - root - INFO -             5 (28): 18 12
2022-06-20 00:56:52,071 - root - INFO -             6 (30): 3  3
2022-06-20 00:56:52,071 - root - INFO -             7 (38): 0  0
2022-06-20 00:56:52,071 - root - INFO -             8 (40): 2  2
2022-06-20 00:56:52,072 - root - INFO -             9 (48): 10  A
2022-06-20 00:56:52,072 - root - INFO -         4 (20): 0  0
2022-06-20 00:56:52,072 - root - INFO -         5 (28): 0  0
2022-06-20 00:56:52,072 - root - INFO -         6 (32): 8 bytes
2022-06-20 00:56:52,072 - root - INFO -             1 ( 8): 103 67
2022-06-20 00:56:52,072 - root - INFO -             2 (10): 124 7C
2022-06-20 00:56:52,072 - root - INFO -             3 (18): 12  C
2022-06-20 00:56:52,072 - root - INFO -             4 (20): 12  C
2022-06-20 00:56:52,072 - root - INFO -         7 (3A): 8 bytes
2022-06-20 00:56:52,072 - root - INFO -             1 ( 8): 103 67
2022-06-20 00:56:52,072 - root - INFO -             2 (10): 124 7C
2022-06-20 00:56:52,072 - root - INFO -             3 (18): 12  C
2022-06-20 00:56:52,072 - root - INFO -             4 (20): 12  C
2022-06-20 00:56:52,072 - root - INFO - 4 (22): 8 bytes
2022-06-20 00:56:52,072 - root - INFO -     1 ( 8): 24 18
2022-06-20 00:56:52,072 - root - INFO -     2 (10): 71 47
2022-06-20 00:56:52,072 - root - INFO -     3 (18): 24 18
2022-06-20 00:56:52,072 - root - INFO -     4 (20): 7  7
2022-06-20 00:56:52,072 - root - INFO - 5 (2A): 8 bytes
2022-06-20 00:56:52,072 - root - INFO -     1 ( 8): 24 18
2022-06-20 00:56:52,072 - root - INFO -     2 (10): 71 47
2022-06-20 00:56:52,072 - root - INFO -     3 (18): 24 18
2022-06-20 00:56:52,072 - root - INFO -     4 (20): 7  7
2022-06-20 00:56:52,072 - root - INFO - 6 (32): 8 bytes
2022-06-20 00:56:52,072 - root - INFO -     1 ( 8): 24 18
2022-06-20 00:56:52,072 - root - INFO -     2 (10): 71 47
2022-06-20 00:56:52,072 - root - INFO -     3 (18): 24 18
2022-06-20 00:56:52,072 - root - INFO -     4 (20): 7  7
2022-06-20 00:56:52,072 - root - INFO - Reading descriptor for parameter 6
2022-06-20 00:56:52,072 - root - INFO - Descriptor offset: 190, Descriptor length: 42
2022-06-20 00:56:52,072 - root - INFO - Parsing descriptor for parameter 6...
2022-06-20 00:56:52,072 - root - INFO - 1 ( A): 11 bytes
2022-06-20 00:56:52,073 - root - INFO -     2 (12): 9 bytes
2022-06-20 00:56:52,073 - root - INFO -         1 ( 8): 3  3
2022-06-20 00:56:52,073 - root - INFO -         2 (10): 250 FA
2022-06-20 00:56:52,073 - root - INFO -         3 (18): 44 2C
2022-06-20 00:56:52,073 - root - INFO -         4 (20): 26 1A
2022-06-20 00:56:52,073 - root - INFO - 2 (12): 27 bytes
2022-06-20 00:56:52,073 - root - INFO -     1 ( A): 25 bytes
2022-06-20 00:56:52,073 - root - INFO -         1 ( A): 19 bytes
2022-06-20 00:56:52,073 - root - INFO -             1 ( 8): 121 79
2022-06-20 00:56:52,073 - root - INFO -             2 (10): 11  B
2022-06-20 00:56:52,073 - root - INFO -             3 (18): 187 BB
2022-06-20 00:56:52,073 - root - INFO -             4 (20): 36 24
2022-06-20 00:56:52,073 - root - INFO -             5 (28): 24 18
2022-06-20 00:56:52,073 - root - INFO -             6 (30): 2  2
2022-06-20 00:56:52,073 - root - INFO -             7 (38): 0  0
2022-06-20 00:56:52,073 - root - INFO -             8 (40): 2  2
2022-06-20 00:56:52,073 - root - INFO -             9 (48): 10  A
2022-06-20 00:56:52,073 - root - INFO -         2 (10): 71 47
2022-06-20 00:56:52,073 - root - INFO -         3 (18): 70 46
2022-06-20 00:56:52,073 - root - INFO - Reading descriptor for parameter 8
2022-06-20 00:56:52,073 - root - INFO - Descriptor offset: 232, Descriptor length: 30
2022-06-20 00:56:52,073 - root - INFO - Parsing descriptor for parameter 8...
2022-06-20 00:56:52,073 - root - INFO - 1 ( A): 8 bytes
2022-06-20 00:56:52,073 - root - INFO -     1 ( A): 4 bytes
2022-06-20 00:56:52,073 - root - INFO -         1 ( 8): 61 3D
2022-06-20 00:56:52,073 - root - INFO -         2 (10): 11  B
2022-06-20 00:56:52,073 - root - INFO -     2 (10): 73 49
2022-06-20 00:56:52,073 - root - INFO - 3 (1A): 8 bytes
2022-06-20 00:56:52,073 - root - INFO -     1 ( A): 4 bytes
2022-06-20 00:56:52,073 - root - INFO -         1 ( 8): 88 58
2022-06-20 00:56:52,073 - root - INFO -         2 (10): 11  B
2022-06-20 00:56:52,074 - root - INFO -     3 (18): 72 48
2022-06-20 00:56:52,074 - root - INFO - 4 (22): 8 bytes
2022-06-20 00:56:52,074 - root - INFO -     1 ( A): 4 bytes
2022-06-20 00:56:52,074 - root - INFO -         1 ( 8): 29 1D
2022-06-20 00:56:52,074 - root - INFO -         2 (10): 11  B
2022-06-20 00:56:52,074 - root - INFO -     2 (10): 74 4A
2022-06-20 00:56:52,074 - root - INFO - Reading descriptor for parameter 9
2022-06-20 00:56:52,074 - root - INFO - Descriptor offset: 262, Descriptor length: 26
2022-06-20 00:56:52,074 - root - INFO - Parsing descriptor for parameter 9...
2022-06-20 00:56:52,074 - root - INFO - 1 ( A): 24 bytes
2022-06-20 00:56:52,074 - root - INFO -     1 ( A): 20 bytes
2022-06-20 00:56:52,074 - root - INFO -         1 ( 8): 188 BC
2022-06-20 00:56:52,074 - root - INFO -         2 (10): 11  B
2022-06-20 00:56:52,074 - root - INFO -         3 (18): 269 10D
2022-06-20 00:56:52,074 - root - INFO -         4 (20): 36 24
2022-06-20 00:56:52,074 - root - INFO -         5 (28): 20 14
2022-06-20 00:56:52,074 - root - INFO -         6 (30): 2  2
2022-06-20 00:56:52,074 - root - INFO -         7 (38): 0  0
2022-06-20 00:56:52,074 - root - INFO -         8 (40): 2  2
2022-06-20 00:56:52,074 - root - INFO -         9 (48): 10  A
2022-06-20 00:56:52,074 - root - INFO -     4 (20): 75 4B
2022-06-20 00:56:52,074 - root - INFO - Reading descriptor for parameter 21
2022-06-20 00:56:52,074 - root - INFO - Descriptor offset: 288, Descriptor length: 61
2022-06-20 00:56:52,074 - root - INFO - Parsing descriptor for parameter 21...
2022-06-20 00:56:52,074 - root - INFO - 1 ( A): 21 bytes
2022-06-20 00:56:52,074 - root - INFO -     1 ( 8): 48 30
2022-06-20 00:56:52,074 - root - INFO -     2 (10): 175 AF
2022-06-20 00:56:52,074 - root - INFO -     3 (18): 258 102
2022-06-20 00:56:52,074 - root - INFO -     4 (20): 235 EB
2022-06-20 00:56:52,074 - root - INFO -     5 (28): 24 18
2022-06-20 00:56:52,074 - root - INFO -     6 (30): 9  9
2022-06-20 00:56:52,075 - root - INFO -     7 (38): 0  0
2022-06-20 00:56:52,075 - root - INFO -     8 (40): 76 4C
2022-06-20 00:56:52,075 - root - INFO -     9 (48): 10  A
2022-06-20 00:56:52,075 - root - INFO - 3 (18): 1  1
2022-06-20 00:56:52,075 - root - INFO - 4 (20): 86 56
2022-06-20 00:56:52,075 - root - INFO - 6 (30): 0  0
2022-06-20 00:56:52,075 - root - INFO - 8 (42): 30 bytes
2022-06-20 00:56:52,075 - root - INFO -     1 ( 8): 1  1
2022-06-20 00:56:52,075 - root - INFO -     2 (12): 18 bytes
2022-06-20 00:56:52,075 - root - INFO -         1 ( 8): 0  0
2022-06-20 00:56:52,075 - root - INFO -         2 (10): 0  0
2022-06-20 00:56:52,075 - root - INFO -         3 (18): 1  1
2022-06-20 00:56:52,075 - root - INFO -         4 (20): 1  1
2022-06-20 00:56:52,075 - root - INFO -         5 (28): 18 12
2022-06-20 00:56:52,075 - root - INFO -         6 (30): 0  0
2022-06-20 00:56:52,075 - root - INFO -         7 (38): 0  0
2022-06-20 00:56:52,075 - root - INFO -         8 (40): 76 4C
2022-06-20 00:56:52,075 - root - INFO -         9 (48): 10  A
2022-06-20 00:56:52,075 - root - INFO -     4 (20): 1  1
2022-06-20 00:56:52,075 - root - INFO -     5 (28): 1  1
2022-06-20 00:56:52,075 - root - INFO -     8 (40): 1  1
2022-06-20 00:56:52,075 - root - INFO -     9 (48): 0  0
2022-06-20 00:56:52,075 - root - INFO - Reading resources offsets table with 87 elements (348 bytes)
2022-06-20 00:56:52,076 - root - INFO - Resource 0 offset: 838, length: 216664...
2022-06-20 00:56:52,076 - root - DEBUG - Reading resource 0...
2022-06-20 00:56:52,088 - root - INFO - The image is bmc.
2022-06-20 00:56:52,088 - root - INFO - Reading image header(readHeader16C)...
2022-06-20 00:56:52,088 - root - INFO - Image header was read:
2022-06-20 00:56:52,088 - root - INFO - Width: 306, Height: 354, RowLength: 612
2022-06-20 00:56:52,088 - root - INFO - _step: 2, unknown2: 0,
2022-06-20 00:56:52,088 - root - INFO - BPP: 16, Transparency: False
2022-06-20 00:56:52,294 - root - INFO - Resource 1 offset: 217502, length: 101656...
2022-06-20 00:56:52,294 - root - DEBUG - Reading resource 1...
2022-06-20 00:56:52,294 - root - INFO - The image is bmc.
2022-06-20 00:56:52,294 - root - INFO - Reading image header(readHeader16C)...
2022-06-20 00:56:52,294 - root - INFO - Image header was read:
2022-06-20 00:56:52,294 - root - INFO - Width: 210, Height: 242, RowLength: 420
2022-06-20 00:56:52,294 - root - INFO - _step: 2, unknown2: 0,
2022-06-20 00:56:52,294 - root - INFO - BPP: 16, Transparency: False
2022-06-20 00:56:52,391 - root - INFO - Resource 2 offset: 319158, length: 732...
2022-06-20 00:56:52,391 - root - DEBUG - Reading resource 2...
2022-06-20 00:56:52,391 - root - INFO - The image is bme.
2022-06-20 00:56:52,391 - root - INFO - Reading image header(readHeader16E)...
2022-06-20 00:56:52,391 - root - INFO - Image header was read:
2022-06-20 00:56:52,391 - root - INFO - Width: 18, Height: 25, RowLength: 36
2022-06-20 00:56:52,391 - root - INFO - datalength: 716, _step: 2
2022-06-20 00:56:52,391 - root - INFO - BPP: 16, Transparency: False
2022-06-20 00:56:52,392 - root - INFO - Resource 3 offset: 319890, length: 416...
2022-06-20 00:56:52,392 - root - DEBUG - Reading resource 3...
2022-06-20 00:56:52,392 - root - INFO - The image is bme.
2022-06-20 00:56:52,392 - root - INFO - Reading image header(readHeader16E)...
2022-06-20 00:56:52,392 - root - INFO - Image header was read:
2022-06-20 00:56:52,392 - root - INFO - Width: 18, Height: 25, RowLength: 36
2022-06-20 00:56:52,392 - root - INFO - datalength: 400, _step: 2
2022-06-20 00:56:52,392 - root - INFO - BPP: 16, Transparency: False
2022-06-20 00:56:52,392 - root - INFO - Resource 4 offset: 320306, length: 656...
2022-06-20 00:56:52,392 - root - DEBUG - Reading resource 4...
2022-06-20 00:56:52,392 - root - INFO - The image is bme.
2022-06-20 00:56:52,392 - root - INFO - Reading image header(readHeader16E)...
2022-06-20 00:56:52,392 - root - INFO - Image header was read:
2022-06-20 00:56:52,392 - root - INFO - Width: 18, Height: 25, RowLength: 36
2022-06-20 00:56:52,392 - root - INFO - datalength: 640, _step: 2
2022-06-20 00:56:52,392 - root - INFO - BPP: 16, Transparency: False
2022-06-20 00:56:52,393 - root - INFO - Resource 5 offset: 320962, length: 676...
2022-06-20 00:56:52,393 - root - DEBUG - Reading resource 5...
2022-06-20 00:56:52,393 - root - INFO - The image is bme.
2022-06-20 00:56:52,393 - root - INFO - Reading image header(readHeader16E)...
2022-06-20 00:56:52,393 - root - INFO - Image header was read:
2022-06-20 00:56:52,393 - root - INFO - Width: 18, Height: 25, RowLength: 36
2022-06-20 00:56:52,393 - root - INFO - datalength: 660, _step: 2
2022-06-20 00:56:52,393 - root - INFO - BPP: 16, Transparency: False
2022-06-20 00:56:52,394 - root - INFO - Resource 6 offset: 321638, length: 624...
2022-06-20 00:56:52,394 - root - DEBUG - Reading resource 6...
2022-06-20 00:56:52,394 - root - INFO - The image is bme.
2022-06-20 00:56:52,394 - root - INFO - Reading image header(readHeader16E)...
2022-06-20 00:56:52,394 - root - INFO - Image header was read:
2022-06-20 00:56:52,394 - root - INFO - Width: 18, Height: 25, RowLength: 36
2022-06-20 00:56:52,394 - root - INFO - datalength: 608, _step: 2
2022-06-20 00:56:52,394 - root - INFO - BPP: 16, Transparency: False
2022-06-20 00:56:52,394 - root - INFO - Resource 7 offset: 322262, length: 684...
2022-06-20 00:56:52,394 - root - DEBUG - Reading resource 7...
2022-06-20 00:56:52,395 - root - INFO - The image is bme.
2022-06-20 00:56:52,395 - root - INFO - Reading image header(readHeader16E)...
2022-06-20 00:56:52,395 - root - INFO - Image header was read:
2022-06-20 00:56:52,395 - root - INFO - Width: 18, Height: 25, RowLength: 36
2022-06-20 00:56:52,395 - root - INFO - datalength: 668, _step: 2
2022-06-20 00:56:52,395 - root - INFO - BPP: 16, Transparency: False
2022-06-20 00:56:52,395 - root - INFO - Resource 8 offset: 322946, length: 740...
2022-06-20 00:56:52,395 - root - DEBUG - Reading resource 8...
2022-06-20 00:56:52,395 - root - INFO - The image is bme.
2022-06-20 00:56:52,395 - root - INFO - Reading image header(readHeader16E)...
2022-06-20 00:56:52,395 - root - INFO - Image header was read:
2022-06-20 00:56:52,395 - root - INFO - Width: 18, Height: 25, RowLength: 36
2022-06-20 00:56:52,395 - root - INFO - datalength: 724, _step: 2
2022-06-20 00:56:52,395 - root - INFO - BPP: 16, Transparency: False
2022-06-20 00:56:52,396 - root - INFO - Resource 9 offset: 323686, length: 510...
2022-06-20 00:56:52,396 - root - DEBUG - Reading resource 9...
2022-06-20 00:56:52,396 - root - INFO - The image is bme.
2022-06-20 00:56:52,396 - root - INFO - Reading image header(readHeader16E)...
2022-06-20 00:56:52,396 - root - INFO - Image header was read:
2022-06-20 00:56:52,396 - root - INFO - Width: 18, Height: 25, RowLength: 36
2022-06-20 00:56:52,396 - root - INFO - datalength: 494, _step: 2
2022-06-20 00:56:52,396 - root - INFO - BPP: 16, Transparency: False
2022-06-20 00:56:52,397 - root - INFO - Resource 10 offset: 324196, length: 766...
2022-06-20 00:56:52,397 - root - DEBUG - Reading resource 10...
2022-06-20 00:56:52,397 - root - INFO - The image is bme.
2022-06-20 00:56:52,397 - root - INFO - Reading image header(readHeader16E)...
2022-06-20 00:56:52,397 - root - INFO - Image header was read:
2022-06-20 00:56:52,397 - root - INFO - Width: 18, Height: 25, RowLength: 36
2022-06-20 00:56:52,397 - root - INFO - datalength: 750, _step: 2
2022-06-20 00:56:52,397 - root - INFO - BPP: 16, Transparency: False
2022-06-20 00:56:52,397 - root - INFO - Resource 11 offset: 324962, length: 740...
2022-06-20 00:56:52,397 - root - DEBUG - Reading resource 11...
2022-06-20 00:56:52,398 - root - INFO - The image is bme.
2022-06-20 00:56:52,398 - root - INFO - Reading image header(readHeader16E)...
2022-06-20 00:56:52,398 - root - INFO - Image header was read:
2022-06-20 00:56:52,398 - root - INFO - Width: 18, Height: 25, RowLength: 36
2022-06-20 00:56:52,398 - root - INFO - datalength: 724, _step: 2
2022-06-20 00:56:52,398 - root - INFO - BPP: 16, Transparency: False
2022-06-20 00:56:52,398 - root - INFO - Resource 12 offset: 325702, length: 4460...
2022-06-20 00:56:52,398 - root - DEBUG - Reading resource 12...
2022-06-20 00:56:52,398 - root - INFO - The image is bme.
2022-06-20 00:56:52,398 - root - INFO - Reading image header(readHeader16E)...
2022-06-20 00:56:52,398 - root - INFO - Image header was read:
2022-06-20 00:56:52,398 - root - INFO - Width: 150, Height: 30, RowLength: 300
2022-06-20 00:56:52,398 - root - INFO - datalength: 4444, _step: 2
2022-06-20 00:56:52,398 - root - INFO - BPP: 16, Transparency: False
2022-06-20 00:56:52,402 - root - INFO - Resource 13 offset: 330162, length: 5246...
2022-06-20 00:56:52,402 - root - DEBUG - Reading resource 13...
2022-06-20 00:56:52,402 - root - INFO - The image is bme.
2022-06-20 00:56:52,402 - root - INFO - Reading image header(readHeader16E)...
2022-06-20 00:56:52,402 - root - INFO - Image header was read:
2022-06-20 00:56:52,402 - root - INFO - Width: 150, Height: 30, RowLength: 300
2022-06-20 00:56:52,402 - root - INFO - datalength: 5230, _step: 2
2022-06-20 00:56:52,402 - root - INFO - BPP: 16, Transparency: False
2022-06-20 00:56:52,406 - root - INFO - Resource 14 offset: 335408, length: 3612...
2022-06-20 00:56:52,406 - root - DEBUG - Reading resource 14...
2022-06-20 00:56:52,406 - root - INFO - The image is bme.
2022-06-20 00:56:52,406 - root - INFO - Reading image header(readHeader16E)...
2022-06-20 00:56:52,406 - root - INFO - Image header was read:
2022-06-20 00:56:52,406 - root - INFO - Width: 150, Height: 30, RowLength: 300
2022-06-20 00:56:52,406 - root - INFO - datalength: 3596, _step: 2
2022-06-20 00:56:52,406 - root - INFO - BPP: 16, Transparency: False
2022-06-20 00:56:52,409 - root - INFO - Resource 15 offset: 339020, length: 4300...
2022-06-20 00:56:52,409 - root - DEBUG - Reading resource 15...
2022-06-20 00:56:52,409 - root - INFO - The image is bme.
2022-06-20 00:56:52,409 - root - INFO - Reading image header(readHeader16E)...
2022-06-20 00:56:52,409 - root - INFO - Image header was read:
2022-06-20 00:56:52,409 - root - INFO - Width: 150, Height: 30, RowLength: 300
2022-06-20 00:56:52,409 - root - INFO - datalength: 4284, _step: 2
2022-06-20 00:56:52,409 - root - INFO - BPP: 16, Transparency: False
2022-06-20 00:56:52,412 - root - INFO - Resource 16 offset: 343320, length: 2558...
2022-06-20 00:56:52,412 - root - DEBUG - Reading resource 16...
2022-06-20 00:56:52,412 - root - INFO - The image is bme.
2022-06-20 00:56:52,412 - root - INFO - Reading image header(readHeader16E)...
2022-06-20 00:56:52,412 - root - INFO - Image header was read:
2022-06-20 00:56:52,412 - root - INFO - Width: 150, Height: 30, RowLength: 300
2022-06-20 00:56:52,412 - root - INFO - datalength: 2542, _step: 2
2022-06-20 00:56:52,412 - root - INFO - BPP: 16, Transparency: False
2022-06-20 00:56:52,414 - root - INFO - Resource 17 offset: 345878, length: 3630...
2022-06-20 00:56:52,414 - root - DEBUG - Reading resource 17...
2022-06-20 00:56:52,414 - root - INFO - The image is bme.
2022-06-20 00:56:52,414 - root - INFO - Reading image header(readHeader16E)...
2022-06-20 00:56:52,414 - root - INFO - Image header was read:
2022-06-20 00:56:52,414 - root - INFO - Width: 150, Height: 30, RowLength: 300
2022-06-20 00:56:52,414 - root - INFO - datalength: 3614, _step: 2
2022-06-20 00:56:52,414 - root - INFO - BPP: 16, Transparency: False
2022-06-20 00:56:52,417 - root - INFO - Resource 18 offset: 349508, length: 3648...
2022-06-20 00:56:52,417 - root - DEBUG - Reading resource 18...
2022-06-20 00:56:52,417 - root - INFO - The image is bme.
2022-06-20 00:56:52,417 - root - INFO - Reading image header(readHeader16E)...
2022-06-20 00:56:52,417 - root - INFO - Image header was read:
2022-06-20 00:56:52,417 - root - INFO - Width: 150, Height: 30, RowLength: 300
2022-06-20 00:56:52,417 - root - INFO - datalength: 3632, _step: 2
2022-06-20 00:56:52,417 - root - INFO - BPP: 16, Transparency: False
2022-06-20 00:56:52,420 - root - INFO - Resource 19 offset: 353156, length: 4418...
2022-06-20 00:56:52,420 - root - DEBUG - Reading resource 19...
2022-06-20 00:56:52,420 - root - INFO - The image is bme.
2022-06-20 00:56:52,420 - root - INFO - Reading image header(readHeader16E)...
2022-06-20 00:56:52,420 - root - INFO - Image header was read:
2022-06-20 00:56:52,420 - root - INFO - Width: 150, Height: 30, RowLength: 300
2022-06-20 00:56:52,420 - root - INFO - datalength: 4402, _step: 2
2022-06-20 00:56:52,420 - root - INFO - BPP: 16, Transparency: False
2022-06-20 00:56:52,423 - root - INFO - Resource 20 offset: 357574, length: 5316...
2022-06-20 00:56:52,423 - root - DEBUG - Reading resource 20...
2022-06-20 00:56:52,423 - root - INFO - The image is bme.
2022-06-20 00:56:52,423 - root - INFO - Reading image header(readHeader16E)...
2022-06-20 00:56:52,424 - root - INFO - Image header was read:
2022-06-20 00:56:52,424 - root - INFO - Width: 150, Height: 30, RowLength: 300
2022-06-20 00:56:52,424 - root - INFO - datalength: 5300, _step: 2
2022-06-20 00:56:52,424 - root - INFO - BPP: 16, Transparency: False
2022-06-20 00:56:52,428 - root - INFO - Resource 21 offset: 362890, length: 4908...
2022-06-20 00:56:52,428 - root - DEBUG - Reading resource 21...
2022-06-20 00:56:52,428 - root - INFO - The image is bme.
2022-06-20 00:56:52,428 - root - INFO - Reading image header(readHeader16E)...
2022-06-20 00:56:52,428 - root - INFO - Image header was read:
2022-06-20 00:56:52,428 - root - INFO - Width: 150, Height: 30, RowLength: 300
2022-06-20 00:56:52,428 - root - INFO - datalength: 4892, _step: 2
2022-06-20 00:56:52,428 - root - INFO - BPP: 16, Transparency: False
2022-06-20 00:56:52,431 - root - INFO - Resource 22 offset: 367798, length: 4428...
2022-06-20 00:56:52,431 - root - DEBUG - Reading resource 22...
2022-06-20 00:56:52,432 - root - INFO - The image is bme.
2022-06-20 00:56:52,432 - root - INFO - Reading image header(readHeader16E)...
2022-06-20 00:56:52,432 - root - INFO - Image header was read:
2022-06-20 00:56:52,432 - root - INFO - Width: 150, Height: 30, RowLength: 300
2022-06-20 00:56:52,432 - root - INFO - datalength: 4412, _step: 2
2022-06-20 00:56:52,432 - root - INFO - BPP: 16, Transparency: False
2022-06-20 00:56:52,435 - root - INFO - Resource 23 offset: 372226, length: 4990...
2022-06-20 00:56:52,435 - root - DEBUG - Reading resource 23...
2022-06-20 00:56:52,435 - root - INFO - The image is bme.
2022-06-20 00:56:52,435 - root - INFO - Reading image header(readHeader16E)...
2022-06-20 00:56:52,435 - root - INFO - Image header was read:
2022-06-20 00:56:52,435 - root - INFO - Width: 150, Height: 30, RowLength: 300
2022-06-20 00:56:52,435 - root - INFO - datalength: 4974, _step: 2
2022-06-20 00:56:52,435 - root - INFO - BPP: 16, Transparency: False
2022-06-20 00:56:52,439 - root - INFO - Resource 24 offset: 377216, length: 10696...
2022-06-20 00:56:52,439 - root - DEBUG - Reading resource 24...
2022-06-20 00:56:52,439 - root - INFO - The image is bme.
2022-06-20 00:56:52,439 - root - INFO - Reading image header(readHeader16E)...
2022-06-20 00:56:52,439 - root - INFO - Image header was read:
2022-06-20 00:56:52,439 - root - INFO - Width: 260, Height: 35, RowLength: 520
2022-06-20 00:56:52,439 - root - INFO - datalength: 10680, _step: 2
2022-06-20 00:56:52,439 - root - INFO - BPP: 16, Transparency: False
2022-06-20 00:56:52,447 - root - INFO - Resource 25 offset: 387912, length: 6438...
2022-06-20 00:56:52,447 - root - DEBUG - Reading resource 25...
2022-06-20 00:56:52,447 - root - INFO - The image is bme.
2022-06-20 00:56:52,447 - root - INFO - Reading image header(readHeader16E)...
2022-06-20 00:56:52,447 - root - INFO - Image header was read:
2022-06-20 00:56:52,447 - root - INFO - Width: 260, Height: 35, RowLength: 520
2022-06-20 00:56:52,447 - root - INFO - datalength: 6422, _step: 2
2022-06-20 00:56:52,447 - root - INFO - BPP: 16, Transparency: False
2022-06-20 00:56:52,452 - root - INFO - Resource 26 offset: 394350, length: 4230...
2022-06-20 00:56:52,452 - root - DEBUG - Reading resource 26...
2022-06-20 00:56:52,452 - root - INFO - The image is bme.
2022-06-20 00:56:52,452 - root - INFO - Reading image header(readHeader16E)...
2022-06-20 00:56:52,452 - root - INFO - Image header was read:
2022-06-20 00:56:52,452 - root - INFO - Width: 260, Height: 35, RowLength: 520
2022-06-20 00:56:52,452 - root - INFO - datalength: 4214, _step: 2
2022-06-20 00:56:52,452 - root - INFO - BPP: 16, Transparency: False
2022-06-20 00:56:52,456 - root - INFO - Resource 27 offset: 398580, length: 5390...
2022-06-20 00:56:52,456 - root - DEBUG - Reading resource 27...
2022-06-20 00:56:52,456 - root - INFO - The image is bme.
2022-06-20 00:56:52,456 - root - INFO - Reading image header(readHeader16E)...
2022-06-20 00:56:52,456 - root - INFO - Image header was read:
2022-06-20 00:56:52,456 - root - INFO - Width: 260, Height: 35, RowLength: 520
2022-06-20 00:56:52,456 - root - INFO - datalength: 5374, _step: 2
2022-06-20 00:56:52,456 - root - INFO - BPP: 16, Transparency: False
2022-06-20 00:56:52,460 - root - INFO - Resource 28 offset: 403970, length: 6706...
2022-06-20 00:56:52,460 - root - DEBUG - Reading resource 28...
2022-06-20 00:56:52,460 - root - INFO - The image is bme.
2022-06-20 00:56:52,460 - root - INFO - Reading image header(readHeader16E)...
2022-06-20 00:56:52,460 - root - INFO - Image header was read:
2022-06-20 00:56:52,460 - root - INFO - Width: 260, Height: 35, RowLength: 520
2022-06-20 00:56:52,460 - root - INFO - datalength: 6690, _step: 2
2022-06-20 00:56:52,460 - root - INFO - BPP: 16, Transparency: False
2022-06-20 00:56:52,465 - root - INFO - Resource 29 offset: 410676, length: 5596...
2022-06-20 00:56:52,465 - root - DEBUG - Reading resource 29...
2022-06-20 00:56:52,465 - root - INFO - The image is bme.
2022-06-20 00:56:52,465 - root - INFO - Reading image header(readHeader16E)...
2022-06-20 00:56:52,465 - root - INFO - Image header was read:
2022-06-20 00:56:52,465 - root - INFO - Width: 260, Height: 35, RowLength: 520
2022-06-20 00:56:52,465 - root - INFO - datalength: 5580, _step: 2
2022-06-20 00:56:52,465 - root - INFO - BPP: 16, Transparency: False
2022-06-20 00:56:52,470 - root - INFO - Resource 30 offset: 416272, length: 9454...
2022-06-20 00:56:52,470 - root - DEBUG - Reading resource 30...
2022-06-20 00:56:52,470 - root - INFO - The image is bme.
2022-06-20 00:56:52,470 - root - INFO - Reading image header(readHeader16E)...
2022-06-20 00:56:52,470 - root - INFO - Image header was read:
2022-06-20 00:56:52,470 - root - INFO - Width: 260, Height: 35, RowLength: 520
2022-06-20 00:56:52,470 - root - INFO - datalength: 9438, _step: 2
2022-06-20 00:56:52,470 - root - INFO - BPP: 16, Transparency: False
2022-06-20 00:56:52,477 - root - INFO - Resource 31 offset: 425726, length: 532...
2022-06-20 00:56:52,477 - root - DEBUG - Reading resource 31...
2022-06-20 00:56:52,477 - root - INFO - The image is bme.
2022-06-20 00:56:52,477 - root - INFO - Reading image header(readHeader16E)...
2022-06-20 00:56:52,477 - root - INFO - Image header was read:
2022-06-20 00:56:52,477 - root - INFO - Width: 14, Height: 20, RowLength: 28
2022-06-20 00:56:52,477 - root - INFO - datalength: 516, _step: 2
2022-06-20 00:56:52,477 - root - INFO - BPP: 16, Transparency: False
2022-06-20 00:56:52,478 - root - INFO - Resource 32 offset: 426258, length: 280...
2022-06-20 00:56:52,478 - root - DEBUG - Reading resource 32...
2022-06-20 00:56:52,478 - root - INFO - The image is bme.
2022-06-20 00:56:52,478 - root - INFO - Reading image header(readHeader16E)...
2022-06-20 00:56:52,478 - root - INFO - Image header was read:
2022-06-20 00:56:52,478 - root - INFO - Width: 14, Height: 20, RowLength: 28
2022-06-20 00:56:52,478 - root - INFO - datalength: 264, _step: 2
2022-06-20 00:56:52,478 - root - INFO - BPP: 16, Transparency: False
2022-06-20 00:56:52,478 - root - INFO - Resource 33 offset: 426538, length: 458...
2022-06-20 00:56:52,478 - root - DEBUG - Reading resource 33...
2022-06-20 00:56:52,478 - root - INFO - The image is bme.
2022-06-20 00:56:52,478 - root - INFO - Reading image header(readHeader16E)...
2022-06-20 00:56:52,478 - root - INFO - Image header was read:
2022-06-20 00:56:52,478 - root - INFO - Width: 14, Height: 20, RowLength: 28
2022-06-20 00:56:52,478 - root - INFO - datalength: 442, _step: 2
2022-06-20 00:56:52,478 - root - INFO - BPP: 16, Transparency: False
2022-06-20 00:56:52,479 - root - INFO - Resource 34 offset: 426996, length: 472...
2022-06-20 00:56:52,479 - root - DEBUG - Reading resource 34...
2022-06-20 00:56:52,479 - root - INFO - The image is bme.
2022-06-20 00:56:52,479 - root - INFO - Reading image header(readHeader16E)...
2022-06-20 00:56:52,479 - root - INFO - Image header was read:
2022-06-20 00:56:52,479 - root - INFO - Width: 14, Height: 20, RowLength: 28
2022-06-20 00:56:52,479 - root - INFO - datalength: 456, _step: 2
2022-06-20 00:56:52,479 - root - INFO - BPP: 16, Transparency: False
2022-06-20 00:56:52,479 - root - INFO - Resource 35 offset: 427468, length: 412...
2022-06-20 00:56:52,479 - root - DEBUG - Reading resource 35...
2022-06-20 00:56:52,479 - root - INFO - The image is bme.
2022-06-20 00:56:52,479 - root - INFO - Reading image header(readHeader16E)...
2022-06-20 00:56:52,479 - root - INFO - Image header was read:
2022-06-20 00:56:52,479 - root - INFO - Width: 14, Height: 20, RowLength: 28
2022-06-20 00:56:52,479 - root - INFO - datalength: 396, _step: 2
2022-06-20 00:56:52,479 - root - INFO - BPP: 16, Transparency: False
2022-06-20 00:56:52,480 - root - INFO - Resource 36 offset: 427880, length: 474...
2022-06-20 00:56:52,480 - root - DEBUG - Reading resource 36...
2022-06-20 00:56:52,480 - root - INFO - The image is bme.
2022-06-20 00:56:52,480 - root - INFO - Reading image header(readHeader16E)...
2022-06-20 00:56:52,480 - root - INFO - Image header was read:
2022-06-20 00:56:52,480 - root - INFO - Width: 14, Height: 20, RowLength: 28
2022-06-20 00:56:52,480 - root - INFO - datalength: 458, _step: 2
2022-06-20 00:56:52,480 - root - INFO - BPP: 16, Transparency: False
2022-06-20 00:56:52,480 - root - INFO - Resource 37 offset: 428354, length: 524...
2022-06-20 00:56:52,480 - root - DEBUG - Reading resource 37...
2022-06-20 00:56:52,480 - root - INFO - The image is bme.
2022-06-20 00:56:52,480 - root - INFO - Reading image header(readHeader16E)...
2022-06-20 00:56:52,480 - root - INFO - Image header was read:
2022-06-20 00:56:52,480 - root - INFO - Width: 14, Height: 20, RowLength: 28
2022-06-20 00:56:52,480 - root - INFO - datalength: 508, _step: 2
2022-06-20 00:56:52,481 - root - INFO - BPP: 16, Transparency: False
2022-06-20 00:56:52,481 - root - INFO - Resource 38 offset: 428878, length: 346...
2022-06-20 00:56:52,481 - root - DEBUG - Reading resource 38...
2022-06-20 00:56:52,481 - root - INFO - The image is bme.
2022-06-20 00:56:52,481 - root - INFO - Reading image header(readHeader16E)...
2022-06-20 00:56:52,481 - root - INFO - Image header was read:
2022-06-20 00:56:52,481 - root - INFO - Width: 14, Height: 20, RowLength: 28
2022-06-20 00:56:52,481 - root - INFO - datalength: 330, _step: 2
2022-06-20 00:56:52,481 - root - INFO - BPP: 16, Transparency: False
2022-06-20 00:56:52,481 - root - INFO - Resource 39 offset: 429224, length: 546...
2022-06-20 00:56:52,481 - root - DEBUG - Reading resource 39...
2022-06-20 00:56:52,481 - root - INFO - The image is bme.
2022-06-20 00:56:52,481 - root - INFO - Reading image header(readHeader16E)...
2022-06-20 00:56:52,481 - root - INFO - Image header was read:
2022-06-20 00:56:52,481 - root - INFO - Width: 14, Height: 20, RowLength: 28
2022-06-20 00:56:52,482 - root - INFO - datalength: 530, _step: 2
2022-06-20 00:56:52,482 - root - INFO - BPP: 16, Transparency: False
2022-06-20 00:56:52,482 - root - INFO - Resource 40 offset: 429770, length: 526...
2022-06-20 00:56:52,482 - root - DEBUG - Reading resource 40...
2022-06-20 00:56:52,482 - root - INFO - The image is bme.
2022-06-20 00:56:52,482 - root - INFO - Reading image header(readHeader16E)...
2022-06-20 00:56:52,482 - root - INFO - Image header was read:
2022-06-20 00:56:52,482 - root - INFO - Width: 14, Height: 20, RowLength: 28
2022-06-20 00:56:52,482 - root - INFO - datalength: 510, _step: 2
2022-06-20 00:56:52,482 - root - INFO - BPP: 16, Transparency: False
2022-06-20 00:56:52,483 - root - INFO - Resource 41 offset: 430296, length: 2356...
2022-06-20 00:56:52,483 - root - DEBUG - Reading resource 41...
2022-06-20 00:56:52,483 - root - INFO - The image is bmc.
2022-06-20 00:56:52,483 - root - INFO - Reading image header(readHeader16C)...
2022-06-20 00:56:52,483 - root - INFO - Image header was read:
2022-06-20 00:56:52,483 - root - INFO - Width: 26, Height: 30, RowLength: 78
2022-06-20 00:56:52,483 - root - INFO - _step: 3, unknown2: 0,
2022-06-20 00:56:52,483 - root - INFO - BPP: 24, Transparency: False
2022-06-20 00:56:52,484 - root - INFO - Resource 42 offset: 432652, length: 52...
2022-06-20 00:56:52,484 - root - DEBUG - Reading resource 42...
2022-06-20 00:56:52,484 - root - INFO - The image is bme.
2022-06-20 00:56:52,484 - root - INFO - Reading image header(readHeader16E)...
2022-06-20 00:56:52,484 - root - INFO - Image header was read:
2022-06-20 00:56:52,484 - root - INFO - Width: 4, Height: 20, RowLength: 8
2022-06-20 00:56:52,485 - root - INFO - datalength: 36, _step: 2
2022-06-20 00:56:52,485 - root - INFO - BPP: 16, Transparency: False
2022-06-20 00:56:52,485 - root - INFO - Resource 43 offset: 432704, length: 1232...
2022-06-20 00:56:52,485 - root - DEBUG - Reading resource 43...
2022-06-20 00:56:52,485 - root - INFO - The image is bme.
2022-06-20 00:56:52,485 - root - INFO - Reading image header(readHeader16E)...
2022-06-20 00:56:52,485 - root - INFO - Image header was read:
2022-06-20 00:56:52,485 - root - INFO - Width: 34, Height: 20, RowLength: 68
2022-06-20 00:56:52,485 - root - INFO - datalength: 1216, _step: 2
2022-06-20 00:56:52,485 - root - INFO - BPP: 16, Transparency: False
2022-06-20 00:56:52,486 - root - INFO - Resource 44 offset: 433936, length: 6336...
2022-06-20 00:56:52,486 - root - DEBUG - Reading resource 44...
2022-06-20 00:56:52,486 - root - INFO - The image is bme.
2022-06-20 00:56:52,486 - root - INFO - Reading image header(readHeader16E)...
2022-06-20 00:56:52,486 - root - INFO - Image header was read:
2022-06-20 00:56:52,486 - root - INFO - Width: 300, Height: 39, RowLength: 600
2022-06-20 00:56:52,486 - root - INFO - datalength: 6320, _step: 2
2022-06-20 00:56:52,486 - root - INFO - BPP: 16, Transparency: False
2022-06-20 00:56:52,490 - root - INFO - Resource 45 offset: 440272, length: 4562...
2022-06-20 00:56:52,491 - root - DEBUG - Reading resource 45...
2022-06-20 00:56:52,491 - root - INFO - The image is bme.
2022-06-20 00:56:52,491 - root - INFO - Reading image header(readHeader16E)...
2022-06-20 00:56:52,491 - root - INFO - Image header was read:
2022-06-20 00:56:52,491 - root - INFO - Width: 300, Height: 39, RowLength: 600
2022-06-20 00:56:52,491 - root - INFO - datalength: 4546, _step: 2
2022-06-20 00:56:52,491 - root - INFO - BPP: 16, Transparency: False
2022-06-20 00:56:52,494 - root - INFO - Resource 46 offset: 444834, length: 8364...
2022-06-20 00:56:52,494 - root - DEBUG - Reading resource 46...
2022-06-20 00:56:52,494 - root - INFO - The image is bme.
2022-06-20 00:56:52,494 - root - INFO - Reading image header(readHeader16E)...
2022-06-20 00:56:52,494 - root - INFO - Image header was read:
2022-06-20 00:56:52,494 - root - INFO - Width: 300, Height: 39, RowLength: 600
2022-06-20 00:56:52,494 - root - INFO - datalength: 8348, _step: 2
2022-06-20 00:56:52,494 - root - INFO - BPP: 16, Transparency: False
2022-06-20 00:56:52,500 - root - INFO - Resource 47 offset: 453198, length: 6956...
2022-06-20 00:56:52,500 - root - DEBUG - Reading resource 47...
2022-06-20 00:56:52,500 - root - INFO - The image is bme.
2022-06-20 00:56:52,500 - root - INFO - Reading image header(readHeader16E)...
2022-06-20 00:56:52,500 - root - INFO - Image header was read:
2022-06-20 00:56:52,500 - root - INFO - Width: 300, Height: 39, RowLength: 600
2022-06-20 00:56:52,500 - root - INFO - datalength: 6940, _step: 2
2022-06-20 00:56:52,500 - root - INFO - BPP: 16, Transparency: False
2022-06-20 00:56:52,505 - root - INFO - Resource 48 offset: 460154, length: 5086...
2022-06-20 00:56:52,505 - root - DEBUG - Reading resource 48...
2022-06-20 00:56:52,505 - root - INFO - The image is bme.
2022-06-20 00:56:52,505 - root - INFO - Reading image header(readHeader16E)...
2022-06-20 00:56:52,505 - root - INFO - Image header was read:
2022-06-20 00:56:52,505 - root - INFO - Width: 300, Height: 39, RowLength: 600
2022-06-20 00:56:52,505 - root - INFO - datalength: 5070, _step: 2
2022-06-20 00:56:52,506 - root - INFO - BPP: 16, Transparency: False
2022-06-20 00:56:52,509 - root - INFO - Resource 49 offset: 465240, length: 5252...
2022-06-20 00:56:52,509 - root - DEBUG - Reading resource 49...
2022-06-20 00:56:52,509 - root - INFO - The image is bme.
2022-06-20 00:56:52,509 - root - INFO - Reading image header(readHeader16E)...
2022-06-20 00:56:52,509 - root - INFO - Image header was read:
2022-06-20 00:56:52,509 - root - INFO - Width: 300, Height: 39, RowLength: 600
2022-06-20 00:56:52,509 - root - INFO - datalength: 5236, _step: 2
2022-06-20 00:56:52,509 - root - INFO - BPP: 16, Transparency: False
2022-06-20 00:56:52,513 - root - INFO - Resource 50 offset: 470492, length: 10186...
2022-06-20 00:56:52,513 - root - DEBUG - Reading resource 50...
2022-06-20 00:56:52,513 - root - INFO - The image is bme.
2022-06-20 00:56:52,513 - root - INFO - Reading image header(readHeader16E)...
2022-06-20 00:56:52,513 - root - INFO - Image header was read:
2022-06-20 00:56:52,513 - root - INFO - Width: 300, Height: 39, RowLength: 600
2022-06-20 00:56:52,513 - root - INFO - datalength: 10170, _step: 2
2022-06-20 00:56:52,513 - root - INFO - BPP: 16, Transparency: False
2022-06-20 00:56:52,521 - root - INFO - Resource 51 offset: 480678, length: 8670...
2022-06-20 00:56:52,521 - root - DEBUG - Reading resource 51...
2022-06-20 00:56:52,521 - root - INFO - The image is bme.
2022-06-20 00:56:52,521 - root - INFO - Reading image header(readHeader16E)...
2022-06-20 00:56:52,521 - root - INFO - Image header was read:
2022-06-20 00:56:52,521 - root - INFO - Width: 300, Height: 39, RowLength: 600
2022-06-20 00:56:52,521 - root - INFO - datalength: 8654, _step: 2
2022-06-20 00:56:52,521 - root - INFO - BPP: 16, Transparency: False
2022-06-20 00:56:52,527 - root - INFO - Resource 52 offset: 489348, length: 9952...
2022-06-20 00:56:52,527 - root - DEBUG - Reading resource 52...
2022-06-20 00:56:52,527 - root - INFO - The image is bme.
2022-06-20 00:56:52,527 - root - INFO - Reading image header(readHeader16E)...
2022-06-20 00:56:52,527 - root - INFO - Image header was read:
2022-06-20 00:56:52,527 - root - INFO - Width: 300, Height: 39, RowLength: 600
2022-06-20 00:56:52,527 - root - INFO - datalength: 9936, _step: 2
2022-06-20 00:56:52,527 - root - INFO - BPP: 16, Transparency: False
2022-06-20 00:56:52,535 - root - INFO - Resource 53 offset: 499300, length: 8480...
2022-06-20 00:56:52,535 - root - DEBUG - Reading resource 53...
2022-06-20 00:56:52,535 - root - INFO - The image is bme.
2022-06-20 00:56:52,535 - root - INFO - Reading image header(readHeader16E)...
2022-06-20 00:56:52,535 - root - INFO - Image header was read:
2022-06-20 00:56:52,535 - root - INFO - Width: 300, Height: 39, RowLength: 600
2022-06-20 00:56:52,535 - root - INFO - datalength: 8464, _step: 2
2022-06-20 00:56:52,535 - root - INFO - BPP: 16, Transparency: False
2022-06-20 00:56:52,541 - root - INFO - Resource 54 offset: 507780, length: 7344...
2022-06-20 00:56:52,541 - root - DEBUG - Reading resource 54...
2022-06-20 00:56:52,541 - root - INFO - The image is bme.
2022-06-20 00:56:52,541 - root - INFO - Reading image header(readHeader16E)...
2022-06-20 00:56:52,541 - root - INFO - Image header was read:
2022-06-20 00:56:52,541 - root - INFO - Width: 300, Height: 39, RowLength: 600
2022-06-20 00:56:52,541 - root - INFO - datalength: 7328, _step: 2
2022-06-20 00:56:52,541 - root - INFO - BPP: 16, Transparency: False
2022-06-20 00:56:52,546 - root - INFO - Resource 55 offset: 515124, length: 8838...
2022-06-20 00:56:52,547 - root - DEBUG - Reading resource 55...
2022-06-20 00:56:52,547 - root - INFO - The image is bme.
2022-06-20 00:56:52,547 - root - INFO - Reading image header(readHeader16E)...
2022-06-20 00:56:52,547 - root - INFO - Image header was read:
2022-06-20 00:56:52,547 - root - INFO - Width: 300, Height: 39, RowLength: 600
2022-06-20 00:56:52,547 - root - INFO - datalength: 8822, _step: 2
2022-06-20 00:56:52,547 - root - INFO - BPP: 16, Transparency: False
2022-06-20 00:56:52,553 - root - INFO - Resource 56 offset: 523962, length: 7324...
2022-06-20 00:56:52,553 - root - DEBUG - Reading resource 56...
2022-06-20 00:56:52,553 - root - INFO - The image is bme.
2022-06-20 00:56:52,553 - root - INFO - Reading image header(readHeader16E)...
2022-06-20 00:56:52,553 - root - INFO - Image header was read:
2022-06-20 00:56:52,553 - root - INFO - Width: 300, Height: 39, RowLength: 600
2022-06-20 00:56:52,553 - root - INFO - datalength: 7308, _step: 2
2022-06-20 00:56:52,553 - root - INFO - BPP: 16, Transparency: False
2022-06-20 00:56:52,558 - root - INFO - Resource 57 offset: 531286, length: 7308...
2022-06-20 00:56:52,559 - root - DEBUG - Reading resource 57...
2022-06-20 00:56:52,559 - root - INFO - The image is bme.
2022-06-20 00:56:52,559 - root - INFO - Reading image header(readHeader16E)...
2022-06-20 00:56:52,559 - root - INFO - Image header was read:
2022-06-20 00:56:52,559 - root - INFO - Width: 300, Height: 39, RowLength: 600
2022-06-20 00:56:52,559 - root - INFO - datalength: 7292, _step: 2
2022-06-20 00:56:52,559 - root - INFO - BPP: 16, Transparency: False
2022-06-20 00:56:52,564 - root - INFO - Resource 58 offset: 538594, length: 3214...
2022-06-20 00:56:52,564 - root - DEBUG - Reading resource 58...
2022-06-20 00:56:52,564 - root - INFO - The image is bme.
2022-06-20 00:56:52,564 - root - INFO - Reading image header(readHeader16E)...
2022-06-20 00:56:52,564 - root - INFO - Image header was read:
2022-06-20 00:56:52,564 - root - INFO - Width: 300, Height: 39, RowLength: 600
2022-06-20 00:56:52,564 - root - INFO - datalength: 3198, _step: 2
2022-06-20 00:56:52,564 - root - INFO - BPP: 16, Transparency: False
2022-06-20 00:56:52,567 - root - INFO - Resource 59 offset: 541808, length: 3866...
2022-06-20 00:56:52,567 - root - DEBUG - Reading resource 59...
2022-06-20 00:56:52,567 - root - INFO - The image is bme.
2022-06-20 00:56:52,567 - root - INFO - Reading image header(readHeader16E)...
2022-06-20 00:56:52,567 - root - INFO - Image header was read:
2022-06-20 00:56:52,567 - root - INFO - Width: 300, Height: 39, RowLength: 600
2022-06-20 00:56:52,567 - root - INFO - datalength: 3850, _step: 2
2022-06-20 00:56:52,567 - root - INFO - BPP: 16, Transparency: False
2022-06-20 00:56:52,570 - root - INFO - Resource 60 offset: 545674, length: 8142...
2022-06-20 00:56:52,570 - root - DEBUG - Reading resource 60...
2022-06-20 00:56:52,570 - root - INFO - The image is bme.
2022-06-20 00:56:52,570 - root - INFO - Reading image header(readHeader16E)...
2022-06-20 00:56:52,570 - root - INFO - Image header was read:
2022-06-20 00:56:52,570 - root - INFO - Width: 300, Height: 39, RowLength: 600
2022-06-20 00:56:52,570 - root - INFO - datalength: 8126, _step: 2
2022-06-20 00:56:52,570 - root - INFO - BPP: 16, Transparency: False
2022-06-20 00:56:52,576 - root - INFO - Resource 61 offset: 553816, length: 3774...
2022-06-20 00:56:52,576 - root - DEBUG - Reading resource 61...
2022-06-20 00:56:52,576 - root - INFO - The image is bme.
2022-06-20 00:56:52,576 - root - INFO - Reading image header(readHeader16E)...
2022-06-20 00:56:52,576 - root - INFO - Image header was read:
2022-06-20 00:56:52,576 - root - INFO - Width: 300, Height: 39, RowLength: 600
2022-06-20 00:56:52,576 - root - INFO - datalength: 3758, _step: 2
2022-06-20 00:56:52,576 - root - INFO - BPP: 16, Transparency: False
2022-06-20 00:56:52,579 - root - INFO - Resource 62 offset: 557590, length: 4086...
2022-06-20 00:56:52,579 - root - DEBUG - Reading resource 62...
2022-06-20 00:56:52,579 - root - INFO - The image is bme.
2022-06-20 00:56:52,579 - root - INFO - Reading image header(readHeader16E)...
2022-06-20 00:56:52,579 - root - INFO - Image header was read:
2022-06-20 00:56:52,579 - root - INFO - Width: 300, Height: 39, RowLength: 600
2022-06-20 00:56:52,579 - root - INFO - datalength: 4070, _step: 2
2022-06-20 00:56:52,579 - root - INFO - BPP: 16, Transparency: False
2022-06-20 00:56:52,582 - root - INFO - Resource 63 offset: 561676, length: 9226...
2022-06-20 00:56:52,582 - root - DEBUG - Reading resource 63...
2022-06-20 00:56:52,582 - root - INFO - The image is bme.
2022-06-20 00:56:52,582 - root - INFO - Reading image header(readHeader16E)...
2022-06-20 00:56:52,582 - root - INFO - Image header was read:
2022-06-20 00:56:52,582 - root - INFO - Width: 300, Height: 39, RowLength: 600
2022-06-20 00:56:52,582 - root - INFO - datalength: 9210, _step: 2
2022-06-20 00:56:52,582 - root - INFO - BPP: 16, Transparency: False
2022-06-20 00:56:52,589 - root - INFO - Resource 64 offset: 570902, length: 8744...
2022-06-20 00:56:52,589 - root - DEBUG - Reading resource 64...
2022-06-20 00:56:52,589 - root - INFO - The image is bme.
2022-06-20 00:56:52,589 - root - INFO - Reading image header(readHeader16E)...
2022-06-20 00:56:52,589 - root - INFO - Image header was read:
2022-06-20 00:56:52,589 - root - INFO - Width: 300, Height: 39, RowLength: 600
2022-06-20 00:56:52,589 - root - INFO - datalength: 8728, _step: 2
2022-06-20 00:56:52,589 - root - INFO - BPP: 16, Transparency: False
2022-06-20 00:56:52,595 - root - INFO - Resource 65 offset: 579646, length: 7218...
2022-06-20 00:56:52,595 - root - DEBUG - Reading resource 65...
2022-06-20 00:56:52,595 - root - INFO - The image is bme.
2022-06-20 00:56:52,595 - root - INFO - Reading image header(readHeader16E)...
2022-06-20 00:56:52,595 - root - INFO - Image header was read:
2022-06-20 00:56:52,595 - root - INFO - Width: 300, Height: 39, RowLength: 600
2022-06-20 00:56:52,595 - root - INFO - datalength: 7202, _step: 2
2022-06-20 00:56:52,596 - root - INFO - BPP: 16, Transparency: False
2022-06-20 00:56:52,601 - root - INFO - Resource 66 offset: 586864, length: 9120...
2022-06-20 00:56:52,601 - root - DEBUG - Reading resource 66...
2022-06-20 00:56:52,601 - root - INFO - The image is bme.
2022-06-20 00:56:52,601 - root - INFO - Reading image header(readHeader16E)...
2022-06-20 00:56:52,601 - root - INFO - Image header was read:
2022-06-20 00:56:52,601 - root - INFO - Width: 300, Height: 39, RowLength: 600
2022-06-20 00:56:52,601 - root - INFO - datalength: 9104, _step: 2
2022-06-20 00:56:52,601 - root - INFO - BPP: 16, Transparency: False
2022-06-20 00:56:52,608 - root - INFO - Resource 67 offset: 595984, length: 7056...
2022-06-20 00:56:52,608 - root - DEBUG - Reading resource 67...
2022-06-20 00:56:52,608 - root - INFO - The image is bme.
2022-06-20 00:56:52,608 - root - INFO - Reading image header(readHeader16E)...
2022-06-20 00:56:52,608 - root - INFO - Image header was read:
2022-06-20 00:56:52,608 - root - INFO - Width: 300, Height: 39, RowLength: 600
2022-06-20 00:56:52,608 - root - INFO - datalength: 7040, _step: 2
2022-06-20 00:56:52,608 - root - INFO - BPP: 16, Transparency: False
2022-06-20 00:56:52,613 - root - INFO - Resource 68 offset: 603040, length: 7466...
2022-06-20 00:56:52,613 - root - DEBUG - Reading resource 68...
2022-06-20 00:56:52,613 - root - INFO - The image is bme.
2022-06-20 00:56:52,613 - root - INFO - Reading image header(readHeader16E)...
2022-06-20 00:56:52,613 - root - INFO - Image header was read:
2022-06-20 00:56:52,613 - root - INFO - Width: 300, Height: 39, RowLength: 600
2022-06-20 00:56:52,613 - root - INFO - datalength: 7450, _step: 2
2022-06-20 00:56:52,614 - root - INFO - BPP: 16, Transparency: False
2022-06-20 00:56:52,619 - root - INFO - Resource 69 offset: 610506, length: 4088...
2022-06-20 00:56:52,619 - root - DEBUG - Reading resource 69...
2022-06-20 00:56:52,619 - root - INFO - The image is bme.
2022-06-20 00:56:52,619 - root - INFO - Reading image header(readHeader16E)...
2022-06-20 00:56:52,619 - root - INFO - Image header was read:
2022-06-20 00:56:52,619 - root - INFO - Width: 300, Height: 39, RowLength: 600
2022-06-20 00:56:52,619 - root - INFO - datalength: 4072, _step: 2
2022-06-20 00:56:52,619 - root - INFO - BPP: 16, Transparency: False
2022-06-20 00:56:52,622 - root - INFO - Resource 70 offset: 614594, length: 182...
2022-06-20 00:56:52,622 - root - DEBUG - Reading resource 70...
2022-06-20 00:56:52,622 - root - INFO - The image is bme.
2022-06-20 00:56:52,622 - root - INFO - Reading image header(readHeader16E)...
2022-06-20 00:56:52,622 - root - INFO - Image header was read:
2022-06-20 00:56:52,622 - root - INFO - Width: 9, Height: 25, RowLength: 18
2022-06-20 00:56:52,622 - root - INFO - datalength: 166, _step: 2
2022-06-20 00:56:52,622 - root - INFO - BPP: 16, Transparency: False
2022-06-20 00:56:52,622 - root - INFO - Resource 71 offset: 614776, length: 112...
2022-06-20 00:56:52,622 - root - DEBUG - Reading resource 71...
2022-06-20 00:56:52,622 - root - INFO - The image is bme.
2022-06-20 00:56:52,622 - root - INFO - Reading image header(readHeader16E)...
2022-06-20 00:56:52,623 - root - INFO - Image header was read:
2022-06-20 00:56:52,623 - root - INFO - Width: 10, Height: 25, RowLength: 20
2022-06-20 00:56:52,623 - root - INFO - datalength: 96, _step: 2
2022-06-20 00:56:52,623 - root - INFO - BPP: 16, Transparency: False
2022-06-20 00:56:52,623 - root - INFO - Resource 72 offset: 614888, length: 1036...
2022-06-20 00:56:52,623 - root - DEBUG - Reading resource 72...
2022-06-20 00:56:52,623 - root - INFO - The image is bme.
2022-06-20 00:56:52,623 - root - INFO - Reading image header(readHeader16E)...
2022-06-20 00:56:52,623 - root - INFO - Image header was read:
2022-06-20 00:56:52,623 - root - INFO - Width: 26, Height: 25, RowLength: 52
2022-06-20 00:56:52,623 - root - INFO - datalength: 1020, _step: 2
2022-06-20 00:56:52,623 - root - INFO - BPP: 16, Transparency: False
2022-06-20 00:56:52,624 - root - INFO - Resource 73 offset: 615924, length: 858...
2022-06-20 00:56:52,624 - root - DEBUG - Reading resource 73...
2022-06-20 00:56:52,624 - root - INFO - The image is bme.
2022-06-20 00:56:52,624 - root - INFO - Reading image header(readHeader16E)...
2022-06-20 00:56:52,624 - root - INFO - Image header was read:
2022-06-20 00:56:52,624 - root - INFO - Width: 26, Height: 25, RowLength: 52
2022-06-20 00:56:52,624 - root - INFO - datalength: 842, _step: 2
2022-06-20 00:56:52,624 - root - INFO - BPP: 16, Transparency: False
2022-06-20 00:56:52,625 - root - INFO - Resource 74 offset: 616782, length: 1366...
2022-06-20 00:56:52,625 - root - DEBUG - Reading resource 74...
2022-06-20 00:56:52,625 - root - INFO - The image is bme.
2022-06-20 00:56:52,625 - root - INFO - Reading image header(readHeader16E)...
2022-06-20 00:56:52,625 - root - INFO - Image header was read:
2022-06-20 00:56:52,625 - root - INFO - Width: 27, Height: 25, RowLength: 54
2022-06-20 00:56:52,625 - root - INFO - datalength: 1350, _step: 2
2022-06-20 00:56:52,625 - root - INFO - BPP: 16, Transparency: False
2022-06-20 00:56:52,626 - root - INFO - Resource 75 offset: 618148, length: 936...
2022-06-20 00:56:52,626 - root - DEBUG - Reading resource 75...
2022-06-20 00:56:52,626 - root - INFO - The image is bme.
2022-06-20 00:56:52,626 - root - INFO - Reading image header(readHeader16E)...
2022-06-20 00:56:52,626 - root - INFO - Image header was read:
2022-06-20 00:56:52,626 - root - INFO - Width: 21, Height: 25, RowLength: 42
2022-06-20 00:56:52,626 - root - INFO - datalength: 920, _step: 2
2022-06-20 00:56:52,626 - root - INFO - BPP: 16, Transparency: False
2022-06-20 00:56:52,627 - root - INFO - Resource 76 offset: 619084, length: 2942...
2022-06-20 00:56:52,627 - root - DEBUG - Reading resource 76...
2022-06-20 00:56:52,627 - root - INFO - The image is bme.
2022-06-20 00:56:52,627 - root - INFO - Reading image header(readHeader16E)...
2022-06-20 00:56:52,627 - root - INFO - Image header was read:
2022-06-20 00:56:52,627 - root - INFO - Width: 41, Height: 60, RowLength: 82
2022-06-20 00:56:52,627 - root - INFO - datalength: 2926, _step: 2
2022-06-20 00:56:52,627 - root - INFO - BPP: 16, Transparency: False
2022-06-20 00:56:52,630 - root - INFO - Resource 77 offset: 622026, length: 1508...
2022-06-20 00:56:52,630 - root - DEBUG - Reading resource 77...
2022-06-20 00:56:52,630 - root - INFO - The image is bme.
2022-06-20 00:56:52,630 - root - INFO - Reading image header(readHeader16E)...
2022-06-20 00:56:52,630 - root - INFO - Image header was read:
2022-06-20 00:56:52,630 - root - INFO - Width: 41, Height: 60, RowLength: 82
2022-06-20 00:56:52,630 - root - INFO - datalength: 1492, _step: 2
2022-06-20 00:56:52,630 - root - INFO - BPP: 16, Transparency: False
2022-06-20 00:56:52,631 - root - INFO - Resource 78 offset: 623534, length: 2708...
2022-06-20 00:56:52,631 - root - DEBUG - Reading resource 78...
2022-06-20 00:56:52,631 - root - INFO - The image is bme.
2022-06-20 00:56:52,631 - root - INFO - Reading image header(readHeader16E)...
2022-06-20 00:56:52,631 - root - INFO - Image header was read:
2022-06-20 00:56:52,631 - root - INFO - Width: 41, Height: 60, RowLength: 82
2022-06-20 00:56:52,631 - root - INFO - datalength: 2692, _step: 2
2022-06-20 00:56:52,631 - root - INFO - BPP: 16, Transparency: False
2022-06-20 00:56:52,634 - root - INFO - Resource 79 offset: 626242, length: 2702...
2022-06-20 00:56:52,634 - root - DEBUG - Reading resource 79...
2022-06-20 00:56:52,634 - root - INFO - The image is bme.
2022-06-20 00:56:52,634 - root - INFO - Reading image header(readHeader16E)...
2022-06-20 00:56:52,634 - root - INFO - Image header was read:
2022-06-20 00:56:52,634 - root - INFO - Width: 41, Height: 60, RowLength: 82
2022-06-20 00:56:52,634 - root - INFO - datalength: 2686, _step: 2
2022-06-20 00:56:52,634 - root - INFO - BPP: 16, Transparency: False
2022-06-20 00:56:52,637 - root - INFO - Resource 80 offset: 628944, length: 2462...
2022-06-20 00:56:52,637 - root - DEBUG - Reading resource 80...
2022-06-20 00:56:52,637 - root - INFO - The image is bme.
2022-06-20 00:56:52,637 - root - INFO - Reading image header(readHeader16E)...
2022-06-20 00:56:52,637 - root - INFO - Image header was read:
2022-06-20 00:56:52,637 - root - INFO - Width: 41, Height: 60, RowLength: 82
2022-06-20 00:56:52,637 - root - INFO - datalength: 2446, _step: 2
2022-06-20 00:56:52,637 - root - INFO - BPP: 16, Transparency: False
2022-06-20 00:56:52,639 - root - INFO - Resource 81 offset: 631406, length: 2766...
2022-06-20 00:56:52,639 - root - DEBUG - Reading resource 81...
2022-06-20 00:56:52,639 - root - INFO - The image is bme.
2022-06-20 00:56:52,639 - root - INFO - Reading image header(readHeader16E)...
2022-06-20 00:56:52,639 - root - INFO - Image header was read:
2022-06-20 00:56:52,639 - root - INFO - Width: 41, Height: 60, RowLength: 82
2022-06-20 00:56:52,639 - root - INFO - datalength: 2750, _step: 2
2022-06-20 00:56:52,639 - root - INFO - BPP: 16, Transparency: False
2022-06-20 00:56:52,642 - root - INFO - Resource 82 offset: 634172, length: 3024...
2022-06-20 00:56:52,642 - root - DEBUG - Reading resource 82...
2022-06-20 00:56:52,642 - root - INFO - The image is bme.
2022-06-20 00:56:52,642 - root - INFO - Reading image header(readHeader16E)...
2022-06-20 00:56:52,642 - root - INFO - Image header was read:
2022-06-20 00:56:52,642 - root - INFO - Width: 41, Height: 60, RowLength: 82
2022-06-20 00:56:52,642 - root - INFO - datalength: 3008, _step: 2
2022-06-20 00:56:52,642 - root - INFO - BPP: 16, Transparency: False
2022-06-20 00:56:52,645 - root - INFO - Resource 83 offset: 637196, length: 1958...
2022-06-20 00:56:52,645 - root - DEBUG - Reading resource 83...
2022-06-20 00:56:52,645 - root - INFO - The image is bme.
2022-06-20 00:56:52,646 - root - INFO - Reading image header(readHeader16E)...
2022-06-20 00:56:52,646 - root - INFO - Image header was read:
2022-06-20 00:56:52,646 - root - INFO - Width: 41, Height: 60, RowLength: 82
2022-06-20 00:56:52,646 - root - INFO - datalength: 1942, _step: 2
2022-06-20 00:56:52,646 - root - INFO - BPP: 16, Transparency: False
2022-06-20 00:56:52,648 - root - INFO - Resource 84 offset: 639154, length: 3182...
2022-06-20 00:56:52,648 - root - DEBUG - Reading resource 84...
2022-06-20 00:56:52,648 - root - INFO - The image is bme.
2022-06-20 00:56:52,648 - root - INFO - Reading image header(readHeader16E)...
2022-06-20 00:56:52,648 - root - INFO - Image header was read:
2022-06-20 00:56:52,648 - root - INFO - Width: 41, Height: 60, RowLength: 82
2022-06-20 00:56:52,648 - root - INFO - datalength: 3166, _step: 2
2022-06-20 00:56:52,648 - root - INFO - BPP: 16, Transparency: False
2022-06-20 00:56:52,651 - root - INFO - Resource 85 offset: 642336, length: 3022...
2022-06-20 00:56:52,651 - root - DEBUG - Reading resource 85...
2022-06-20 00:56:52,651 - root - INFO - The image is bme.
2022-06-20 00:56:52,651 - root - INFO - Reading image header(readHeader16E)...
2022-06-20 00:56:52,651 - root - INFO - Image header was read:
2022-06-20 00:56:52,651 - root - INFO - Width: 41, Height: 60, RowLength: 82
2022-06-20 00:56:52,651 - root - INFO - datalength: 3006, _step: 2
2022-06-20 00:56:52,651 - root - INFO - BPP: 16, Transparency: False
2022-06-20 00:56:52,654 - root - INFO - Resource 86 offset: 645358, length: 480...
2022-06-20 00:56:52,654 - root - DEBUG - Reading resource 86...
2022-06-20 00:56:52,654 - root - INFO - The image is bme.
2022-06-20 00:56:52,654 - root - INFO - Reading image header(readHeader16E)...
2022-06-20 00:56:52,654 - root - INFO - Image header was read:
2022-06-20 00:56:52,654 - root - INFO - Width: 11, Height: 60, RowLength: 22
2022-06-20 00:56:52,654 - root - INFO - datalength: 464, _step: 2
2022-06-20 00:56:52,654 - root - INFO - BPP: 16, Transparency: False
2022-06-20 00:56:52,655 - root - DEBUG - Parsing parameters...
2022-06-20 00:56:52,665 - root - DEBUG - 0 Value: None
2022-06-20 00:56:52,665 - root - DEBUG - 0.1 Value: 73
2022-06-20 00:56:52,665 - root - DEBUG - 2 Value: None
2022-06-20 00:56:52,665 - root - DEBUG - 2.1 Value: None
2022-06-20 00:56:52,665 - root - DEBUG - 2.1.1 Value: 0
2022-06-20 00:56:52,665 - root - DEBUG - 2.1.2 Value: 0
2022-06-20 00:56:52,665 - root - DEBUG - 2.1.3 Value: 0
2022-06-20 00:56:52,665 - root - DEBUG - 2.3 Value: None
2022-06-20 00:56:52,665 - root - DEBUG - 2.3.1 Value: 0
2022-06-20 00:56:52,665 - root - DEBUG - 2.3.2 Value: 0
2022-06-20 00:56:52,665 - root - DEBUG - 2.3.3 Value: 1
2022-06-20 00:56:52,665 - root - DEBUG - 2.4 Value: None
2022-06-20 00:56:52,665 - root - DEBUG - 2.4.1 Value: 0
2022-06-20 00:56:52,665 - root - DEBUG - 2.4.2 Value: 0
2022-06-20 00:56:52,665 - root - DEBUG - 2.4.3 Value: 1
2022-06-20 00:56:52,665 - root - DEBUG - 2.5 Value: None
2022-06-20 00:56:52,665 - root - DEBUG - 2.5.1 Value: 0
2022-06-20 00:56:52,665 - root - DEBUG - 2.5.2 Value: 0
2022-06-20 00:56:52,665 - root - DEBUG - 2.5.3 Value: 1
2022-06-20 00:56:52,665 - root - DEBUG - 4 Value: None
2022-06-20 00:56:52,665 - root - DEBUG - 4.1 Value: None
2022-06-20 00:56:52,665 - root - DEBUG - 4.1.1 Value: None
2022-06-20 00:56:52,665 - root - DEBUG - 4.1.1.1 Value: 197
2022-06-20 00:56:52,665 - root - DEBUG - 4.1.1.2 Value: 319
2022-06-20 00:56:52,665 - root - DEBUG - 4.1.1.3 Value: 273
2022-06-20 00:56:52,665 - root - DEBUG - 4.1.1.4 Value: 339
2022-06-20 00:56:52,665 - root - DEBUG - 4.1.1.5 Value: 18
2022-06-20 00:56:52,666 - root - DEBUG - 4.1.1.6 Value: 2
2022-06-20 00:56:52,666 - root - DEBUG - 4.1.1.7 Value: 0
2022-06-20 00:56:52,666 - root - DEBUG - 4.1.1.8 Value: 31
2022-06-20 00:56:52,666 - root - DEBUG - 4.1.1.9 Value: 10
2022-06-20 00:56:52,666 - root - DEBUG - 4.1.4 Value: None
2022-06-20 00:56:52,666 - root - DEBUG - 4.1.4.1 Value: 162
2022-06-20 00:56:52,666 - root - DEBUG - 4.1.4.2 Value: 319
2022-06-20 00:56:52,666 - root - DEBUG - 4.1.4.3 Value: 41
2022-06-20 00:56:52,666 - root - DEBUG - 4.5 Value: None
2022-06-20 00:56:52,666 - root - DEBUG - 4.5.1 Value: None
2022-06-20 00:56:52,666 - root - DEBUG - 4.5.1.1 Value: 95
2022-06-20 00:56:52,666 - root - DEBUG - 4.5.1.2 Value: 319
2022-06-20 00:56:52,666 - root - DEBUG - 4.5.1.3 Value: 144
2022-06-20 00:56:52,666 - root - DEBUG - 4.5.1.4 Value: 339
2022-06-20 00:56:52,666 - root - DEBUG - 4.5.1.5 Value: 18
2022-06-20 00:56:52,666 - root - DEBUG - 4.5.1.6 Value: 1
2022-06-20 00:56:52,666 - root - DEBUG - 4.5.1.7 Value: 0
2022-06-20 00:56:52,666 - root - DEBUG - 4.5.1.8 Value: 31
2022-06-20 00:56:52,666 - root - DEBUG - 4.5.1.9 Value: 10
2022-06-20 00:56:52,666 - root - DEBUG - 4.5.3 Value: 42
2022-06-20 00:56:52,666 - root - DEBUG - 4.5.5 Value: None
2022-06-20 00:56:52,666 - root - DEBUG - 4.5.5.1 Value: 51
2022-06-20 00:56:52,666 - root - DEBUG - 4.5.5.2 Value: 319
2022-06-20 00:56:52,666 - root - DEBUG - 4.5.5.3 Value: 43
2022-06-20 00:56:52,666 - root - DEBUG - 4.7 Value: 0
2022-06-20 00:56:52,666 - root - DEBUG - 5 Value: None
2022-06-20 00:56:52,666 - root - DEBUG - 5.1 Value: None
2022-06-20 00:56:52,666 - root - DEBUG - 5.1.4 Value: 0
2022-06-20 00:56:52,666 - root - DEBUG - 5.1.5 Value: 1
2022-06-20 00:56:52,666 - root - DEBUG - 5.1.6 Value: 0
2022-06-20 00:56:52,666 - root - DEBUG - 5.1.9 Value: None
2022-06-20 00:56:52,666 - root - DEBUG - 5.1.9.3 Value: None
2022-06-20 00:56:52,666 - root - DEBUG - 5.1.9.3.1 Value: 57
2022-06-20 00:56:52,666 - root - DEBUG - 5.1.9.3.2 Value: 126
2022-06-20 00:56:52,667 - root - DEBUG - 5.1.9.3.3 Value: 58
2022-06-20 00:56:52,667 - root - DEBUG - 5.1.9.3.4 Value: 127
2022-06-20 00:56:52,667 - root - DEBUG - 5.1.9.3.5 Value: 18
2022-06-20 00:56:52,667 - root - DEBUG - 5.1.9.3.6 Value: 3
2022-06-20 00:56:52,667 - root - DEBUG - 5.1.9.3.7 Value: 0
2022-06-20 00:56:52,667 - root - DEBUG - 5.1.9.3.8 Value: 2
2022-06-20 00:56:52,667 - root - DEBUG - 5.1.9.3.9 Value: 10
2022-06-20 00:56:52,667 - root - DEBUG - 5.1.9.4 Value: 0
2022-06-20 00:56:52,667 - root - DEBUG - 5.1.9.5 Value: 0
2022-06-20 00:56:52,667 - root - DEBUG - 5.1.9.6 Value: None
2022-06-20 00:56:52,667 - root - DEBUG - 5.1.9.6.1 Value: 103
2022-06-20 00:56:52,667 - root - DEBUG - 5.1.9.6.2 Value: 124
2022-06-20 00:56:52,667 - root - DEBUG - 5.1.9.6.3 Value: 12
2022-06-20 00:56:52,667 - root - DEBUG - 5.1.9.6.4 Value: 12
2022-06-20 00:56:52,667 - root - DEBUG - 5.1.9.7 Value: None
2022-06-20 00:56:52,667 - root - DEBUG - 5.1.9.7.1 Value: 103
2022-06-20 00:56:52,667 - root - DEBUG - 5.1.9.7.2 Value: 124
2022-06-20 00:56:52,667 - root - DEBUG - 5.1.9.7.3 Value: 12
2022-06-20 00:56:52,667 - root - DEBUG - 5.1.9.7.4 Value: 12
2022-06-20 00:56:52,667 - root - DEBUG - 5.4 Value: None
2022-06-20 00:56:52,667 - root - DEBUG - 5.4.1 Value: 24
2022-06-20 00:56:52,667 - root - DEBUG - 5.4.2 Value: 71
2022-06-20 00:56:52,667 - root - DEBUG - 5.4.3 Value: 24
2022-06-20 00:56:52,667 - root - DEBUG - 5.4.4 Value: 7
2022-06-20 00:56:52,667 - root - DEBUG - 5.5 Value: None
2022-06-20 00:56:52,667 - root - DEBUG - 5.5.1 Value: 24
2022-06-20 00:56:52,667 - root - DEBUG - 5.5.2 Value: 71
2022-06-20 00:56:52,667 - root - DEBUG - 5.5.3 Value: 24
2022-06-20 00:56:52,667 - root - DEBUG - 5.5.4 Value: 7
2022-06-20 00:56:52,667 - root - DEBUG - 5.6 Value: None
2022-06-20 00:56:52,667 - root - DEBUG - 5.6.1 Value: 24
2022-06-20 00:56:52,667 - root - DEBUG - 5.6.2 Value: 71
2022-06-20 00:56:52,667 - root - DEBUG - 5.6.3 Value: 24
2022-06-20 00:56:52,667 - root - DEBUG - 5.6.4 Value: 7
2022-06-20 00:56:52,667 - root - DEBUG - 6 Value: None
2022-06-20 00:56:52,667 - root - DEBUG - 6.1 Value: None
2022-06-20 00:56:52,667 - root - DEBUG - 6.1.2 Value: None
2022-06-20 00:56:52,667 - root - DEBUG - 6.1.2.1 Value: 3
2022-06-20 00:56:52,667 - root - DEBUG - 6.1.2.2 Value: 250
2022-06-20 00:56:52,667 - root - DEBUG - 6.1.2.3 Value: 44
2022-06-20 00:56:52,668 - root - DEBUG - 6.1.2.4 Value: 26
2022-06-20 00:56:52,668 - root - DEBUG - 6.2 Value: None
2022-06-20 00:56:52,668 - root - DEBUG - 6.2.1 Value: None
2022-06-20 00:56:52,668 - root - DEBUG - 6.2.1.1 Value: None
2022-06-20 00:56:52,668 - root - DEBUG - 6.2.1.1.1 Value: 121
2022-06-20 00:56:52,668 - root - DEBUG - 6.2.1.1.2 Value: 11
2022-06-20 00:56:52,668 - root - DEBUG - 6.2.1.1.3 Value: 187
2022-06-20 00:56:52,668 - root - DEBUG - 6.2.1.1.4 Value: 36
2022-06-20 00:56:52,668 - root - DEBUG - 6.2.1.1.5 Value: 24
2022-06-20 00:56:52,668 - root - DEBUG - 6.2.1.1.6 Value: 2
2022-06-20 00:56:52,668 - root - DEBUG - 6.2.1.1.7 Value: 0
2022-06-20 00:56:52,668 - root - DEBUG - 6.2.1.1.8 Value: 2
2022-06-20 00:56:52,668 - root - DEBUG - 6.2.1.1.9 Value: 10
2022-06-20 00:56:52,668 - root - DEBUG - 6.2.1.2 Value: 71
2022-06-20 00:56:52,668 - root - DEBUG - 6.2.1.3 Value: 70
2022-06-20 00:56:52,668 - root - DEBUG - 8 Value: None
2022-06-20 00:56:52,668 - root - DEBUG - 8.1 Value: None
2022-06-20 00:56:52,668 - root - DEBUG - 8.1.1 Value: None
2022-06-20 00:56:52,668 - root - DEBUG - 8.1.1.1 Value: 61
2022-06-20 00:56:52,668 - root - DEBUG - 8.1.1.2 Value: 11
2022-06-20 00:56:52,668 - root - DEBUG - 8.1.2 Value: 73
2022-06-20 00:56:52,668 - root - DEBUG - 8.3 Value: None
2022-06-20 00:56:52,668 - root - DEBUG - 8.3.1 Value: None
2022-06-20 00:56:52,668 - root - DEBUG - 8.3.1.1 Value: 88
2022-06-20 00:56:52,668 - root - DEBUG - 8.3.1.2 Value: 11
2022-06-20 00:56:52,668 - root - DEBUG - 8.3.3 Value: 72
2022-06-20 00:56:52,668 - root - DEBUG - 8.4 Value: None
2022-06-20 00:56:52,668 - root - DEBUG - 8.4.1 Value: None
2022-06-20 00:56:52,668 - root - DEBUG - 8.4.1.1 Value: 29
2022-06-20 00:56:52,668 - root - DEBUG - 8.4.1.2 Value: 11
2022-06-20 00:56:52,668 - root - DEBUG - 8.4.2 Value: 74
2022-06-20 00:56:52,668 - root - DEBUG - 9 Value: None
2022-06-20 00:56:52,668 - root - DEBUG - 9.1 Value: None
2022-06-20 00:56:52,668 - root - DEBUG - 9.1.1 Value: None
2022-06-20 00:56:52,669 - root - DEBUG - 9.1.1.1 Value: 188
2022-06-20 00:56:52,669 - root - DEBUG - 9.1.1.2 Value: 11
2022-06-20 00:56:52,669 - root - DEBUG - 9.1.1.3 Value: 269
2022-06-20 00:56:52,669 - root - DEBUG - 9.1.1.4 Value: 36
2022-06-20 00:56:52,669 - root - DEBUG - 9.1.1.5 Value: 20
2022-06-20 00:56:52,669 - root - DEBUG - 9.1.1.6 Value: 2
2022-06-20 00:56:52,669 - root - DEBUG - 9.1.1.7 Value: 0
2022-06-20 00:56:52,669 - root - DEBUG - 9.1.1.8 Value: 2
2022-06-20 00:56:52,669 - root - DEBUG - 9.1.1.9 Value: 10
2022-06-20 00:56:52,669 - root - DEBUG - 9.1.4 Value: 75
2022-06-20 00:56:52,669 - root - DEBUG - 21 Value: None
2022-06-20 00:56:52,669 - root - DEBUG - 21.1 Value: None
2022-06-20 00:56:52,669 - root - DEBUG - 21.1.1 Value: 48
2022-06-20 00:56:52,669 - root - DEBUG - 21.1.2 Value: 175
2022-06-20 00:56:52,669 - root - DEBUG - 21.1.3 Value: 258
2022-06-20 00:56:52,669 - root - DEBUG - 21.1.4 Value: 235
2022-06-20 00:56:52,669 - root - DEBUG - 21.1.5 Value: 24
2022-06-20 00:56:52,669 - root - DEBUG - 21.1.6 Value: 9
2022-06-20 00:56:52,669 - root - DEBUG - 21.1.7 Value: 0
2022-06-20 00:56:52,669 - root - DEBUG - 21.1.8 Value: 76
2022-06-20 00:56:52,669 - root - DEBUG - 21.1.9 Value: 10
2022-06-20 00:56:52,669 - root - DEBUG - 21.3 Value: 1
2022-06-20 00:56:52,669 - root - DEBUG - 21.4 Value: 86
2022-06-20 00:56:52,669 - root - DEBUG - 21.6 Value: 0
2022-06-20 00:56:52,669 - root - DEBUG - 21.8 Value: None
2022-06-20 00:56:52,669 - root - DEBUG - 21.8.1 Value: 1
2022-06-20 00:56:52,669 - root - DEBUG - 21.8.2 Value: None
2022-06-20 00:56:52,669 - root - DEBUG - 21.8.2.1 Value: 0
2022-06-20 00:56:52,669 - root - DEBUG - 21.8.2.2 Value: 0
2022-06-20 00:56:52,669 - root - DEBUG - 21.8.2.3 Value: 1
2022-06-20 00:56:52,669 - root - DEBUG - 21.8.2.4 Value: 1
2022-06-20 00:56:52,669 - root - DEBUG - 21.8.2.5 Value: 18
2022-06-20 00:56:52,669 - root - DEBUG - 21.8.2.6 Value: 0
2022-06-20 00:56:52,669 - root - DEBUG - 21.8.2.7 Value: 0
2022-06-20 00:56:52,669 - root - DEBUG - 21.8.2.8 Value: 76
2022-06-20 00:56:52,669 - root - DEBUG - 21.8.2.9 Value: 10
2022-06-20 00:56:52,670 - root - DEBUG - 21.8.4 Value: 1
2022-06-20 00:56:52,670 - root - DEBUG - 21.8.5 Value: 1
2022-06-20 00:56:52,670 - root - DEBUG - 21.8.8 Value: 1
2022-06-20 00:56:52,670 - root - DEBUG - 21.8.9 Value: 0
2022-06-20 00:56:52,670 - root - DEBUG - 0-Info
2022-06-20 00:56:52,670 - root - DEBUG - 0/./1-DeviceId
2022-06-20 00:56:52,670 - root - DEBUG - 2-Background
2022-06-20 00:56:52,670 - root - DEBUG - 2/./1-Image
2022-06-20 00:56:52,670 - root - DEBUG - 2/./1/./1-X
2022-06-20 00:56:52,670 - root - DEBUG - 2/./1/./2-Y
2022-06-20 00:56:52,670 - root - DEBUG - 2/./1/./3-ImageIndex
2022-06-20 00:56:52,670 - root - DEBUG - 2/./3-Preview
2022-06-20 00:56:52,670 - root - DEBUG - 2/./3/./1-X
2022-06-20 00:56:52,670 - root - DEBUG - 2/./3/./2-Y
2022-06-20 00:56:52,670 - root - DEBUG - 2/./3/./3-ImageIndex
2022-06-20 00:56:52,670 - root - DEBUG - 2/./4-PreviewTradChinese
2022-06-20 00:56:52,670 - root - DEBUG - 2/./4/./1-X
2022-06-20 00:56:52,670 - root - DEBUG - 2/./4/./2-Y
2022-06-20 00:56:52,670 - root - DEBUG - 2/./4/./3-ImageIndex
2022-06-20 00:56:52,670 - root - DEBUG - 2/./5-PreviewChinese
2022-06-20 00:56:52,670 - root - DEBUG - 2/./5/./1-X
2022-06-20 00:56:52,670 - root - DEBUG - 2/./5/./2-Y
2022-06-20 00:56:52,670 - root - DEBUG - 2/./5/./3-ImageIndex
2022-06-20 00:56:52,670 - root - DEBUG - 4-Activity
2022-06-20 00:56:52,670 - root - DEBUG - 4/./1-Steps
2022-06-20 00:56:52,670 - root - DEBUG - 4/./1/./1-ImageNumber
2022-06-20 00:56:52,671 - root - DEBUG - 4/./1/./1/./1-TopLeftX
2022-06-20 00:56:52,671 - root - DEBUG - 4/./1/./1/./2-TopLeftY
2022-06-20 00:56:52,671 - root - DEBUG - 4/./1/./1/./3-BottomRightX
2022-06-20 00:56:52,671 - root - DEBUG - 4/./1/./1/./4-BottomRightY
2022-06-20 00:56:52,671 - root - DEBUG - 4/./1/./1/./5-Alignment
2022-06-20 00:56:52,671 - root - DEBUG - 4/./1/./1/./6-Spacing
2022-06-20 00:56:52,671 - root - DEBUG - 4/./1/./1/./7-VerticalOffset
2022-06-20 00:56:52,671 - root - DEBUG - 4/./1/./1/./8-ImageIndex
2022-06-20 00:56:52,671 - root - DEBUG - 4/./1/./1/./9-ImagesCount
2022-06-20 00:56:52,671 - root - DEBUG - 4/./1/./4-Icon
2022-06-20 00:56:52,671 - root - DEBUG - 4/./1/./4/./1-X
2022-06-20 00:56:52,671 - root - DEBUG - 4/./1/./4/./2-Y
2022-06-20 00:56:52,671 - root - DEBUG - 4/./1/./4/./3-ImageIndex
2022-06-20 00:56:52,671 - root - DEBUG - 4/./5-Distance
2022-06-20 00:56:52,671 - root - DEBUG - 4/./5/./1-ImageNumber
2022-06-20 00:56:52,671 - root - DEBUG - 4/./5/./1/./1-TopLeftX
2022-06-20 00:56:52,671 - root - DEBUG - 4/./5/./1/./2-TopLeftY
2022-06-20 00:56:52,671 - root - DEBUG - 4/./5/./1/./3-BottomRightX
2022-06-20 00:56:52,671 - root - DEBUG - 4/./5/./1/./4-BottomRightY
2022-06-20 00:56:52,672 - root - DEBUG - 4/./5/./1/./5-Alignment
2022-06-20 00:56:52,672 - root - DEBUG - 4/./5/./1/./6-Spacing
2022-06-20 00:56:52,672 - root - DEBUG - 4/./5/./1/./7-VerticalOffset
2022-06-20 00:56:52,672 - root - DEBUG - 4/./5/./1/./8-ImageIndex
2022-06-20 00:56:52,672 - root - DEBUG - 4/./5/./1/./9-ImagesCount
2022-06-20 00:56:52,672 - root - DEBUG - 4/./5/./3-DecimalPointImageIndex
2022-06-20 00:56:52,672 - root - DEBUG - 4/./5/./5-Icon
2022-06-20 00:56:52,672 - root - DEBUG - 4/./5/./5/./1-X
2022-06-20 00:56:52,672 - root - DEBUG - 4/./5/./5/./2-Y
2022-06-20 00:56:52,672 - root - DEBUG - 4/./5/./5/./3-ImageIndex
2022-06-20 00:56:52,672 - root - DEBUG - 4/./7-UnknownLongValue7
2022-06-20 00:56:52,672 - root - DEBUG - 5-DateBlock
2022-06-20 00:56:52,672 - root - DEBUG - 5/./1-Date
2022-06-20 00:56:52,672 - root - DEBUG - 5/./1/./4-PaddingZeroMonth
2022-06-20 00:56:52,672 - root - DEBUG - 5/./1/./5-PaddingZeroDay
2022-06-20 00:56:52,672 - root - DEBUG - 5/./1/./6-UnknownBoolean6
2022-06-20 00:56:52,672 - root - DEBUG - 5/./1/./9-YearMonthAndDay
2022-06-20 00:56:52,672 - root - DEBUG - 5/./1/./9/./3-Day
2022-06-20 00:56:52,672 - root - DEBUG - 5/./1/./9/./3/./1-TopLeftX
2022-06-20 00:56:52,672 - root - DEBUG - 5/./1/./9/./3/./2-TopLeftY
2022-06-20 00:56:52,672 - root - DEBUG - 5/./1/./9/./3/./3-BottomRightX
2022-06-20 00:56:52,672 - root - DEBUG - 5/./1/./9/./3/./4-BottomRightY
2022-06-20 00:56:52,672 - root - DEBUG - 5/./1/./9/./3/./5-Alignment
2022-06-20 00:56:52,673 - root - DEBUG - 5/./1/./9/./3/./6-Spacing
2022-06-20 00:56:52,673 - root - DEBUG - 5/./1/./9/./3/./7-VerticalOffset
2022-06-20 00:56:52,673 - root - DEBUG - 5/./1/./9/./3/./8-ImageIndex
2022-06-20 00:56:52,673 - root - DEBUG - 5/./1/./9/./3/./9-ImagesCount
2022-06-20 00:56:52,673 - root - DEBUG - 5/./1/./9/./4-MonthFollowsYear
2022-06-20 00:56:52,673 - root - DEBUG - 5/./1/./9/./5-DayFollowsMonth
2022-06-20 00:56:52,673 - root - DEBUG - 5/./1/./9/./6-MonthAsWord
2022-06-20 00:56:52,673 - root - DEBUG - 5/./1/./9/./6/./1-X
2022-06-20 00:56:52,673 - root - DEBUG - 5/./1/./9/./6/./2-Y
2022-06-20 00:56:52,673 - root - DEBUG - 5/./1/./9/./6/./3-ImageIndex
2022-06-20 00:56:52,673 - root - DEBUG - 5/./1/./9/./6/./4-ImagesCount
2022-06-20 00:56:52,673 - root - DEBUG - 5/./1/./9/./7-MonthAsWordChinese
2022-06-20 00:56:52,673 - root - DEBUG - 5/./1/./9/./7/./1-X
2022-06-20 00:56:52,673 - root - DEBUG - 5/./1/./9/./7/./2-Y
2022-06-20 00:56:52,673 - root - DEBUG - 5/./1/./9/./7/./3-ImageIndex
2022-06-20 00:56:52,673 - root - DEBUG - 5/./1/./9/./7/./4-ImagesCount
2022-06-20 00:56:52,673 - root - DEBUG - 5/./4-Weekday
2022-06-20 00:56:52,673 - root - DEBUG - 5/./4/./1-X
2022-06-20 00:56:52,673 - root - DEBUG - 5/./4/./2-Y
2022-06-20 00:56:52,674 - root - DEBUG - 5/./4/./3-ImageIndex
2022-06-20 00:56:52,674 - root - DEBUG - 5/./4/./4-ImagesCount
2022-06-20 00:56:52,674 - root - DEBUG - 5/./5-WeekdayChinese
2022-06-20 00:56:52,674 - root - DEBUG - 5/./5/./1-X
2022-06-20 00:56:52,674 - root - DEBUG - 5/./5/./2-Y
2022-06-20 00:56:52,674 - root - DEBUG - 5/./5/./3-ImageIndex
2022-06-20 00:56:52,674 - root - DEBUG - 5/./5/./4-ImagesCount
2022-06-20 00:56:52,674 - root - DEBUG - 5/./6-WeekdayTradChinese
2022-06-20 00:56:52,674 - root - DEBUG - 5/./6/./1-X
2022-06-20 00:56:52,674 - root - DEBUG - 5/./6/./2-Y
2022-06-20 00:56:52,674 - root - DEBUG - 5/./6/./3-ImageIndex
2022-06-20 00:56:52,674 - root - DEBUG - 5/./6/./4-ImagesCount
2022-06-20 00:56:52,674 - root - DEBUG - 6-Weather
2022-06-20 00:56:52,674 - root - DEBUG - 6/./1-Icon
2022-06-20 00:56:52,674 - root - DEBUG - 6/./1/./2-Images
2022-06-20 00:56:52,674 - root - DEBUG - 6/./1/./2/./1-X
2022-06-20 00:56:52,674 - root - DEBUG - 6/./1/./2/./2-Y
2022-06-20 00:56:52,674 - root - DEBUG - 6/./1/./2/./3-ImageIndex
2022-06-20 00:56:52,674 - root - DEBUG - 6/./1/./2/./4-ImagesCount
2022-06-20 00:56:52,674 - root - DEBUG - 6/./2-Temperature
2022-06-20 00:56:52,674 - root - DEBUG - 6/./2/./1-Current
2022-06-20 00:56:52,674 - root - DEBUG - 6/./2/./1/./1-ImageNumber
2022-06-20 00:56:52,674 - root - DEBUG - 6/./2/./1/./1/./1-TopLeftX
2022-06-20 00:56:52,674 - root - DEBUG - 6/./2/./1/./1/./2-TopLeftY
2022-06-20 00:56:52,674 - root - DEBUG - 6/./2/./1/./1/./3-BottomRightX
2022-06-20 00:56:52,674 - root - DEBUG - 6/./2/./1/./1/./4-BottomRightY
2022-06-20 00:56:52,675 - root - DEBUG - 6/./2/./1/./1/./5-Alignment
2022-06-20 00:56:52,675 - root - DEBUG - 6/./2/./1/./1/./6-Spacing
2022-06-20 00:56:52,675 - root - DEBUG - 6/./2/./1/./1/./7-VerticalOffset
2022-06-20 00:56:52,675 - root - DEBUG - 6/./2/./1/./1/./8-ImageIndex
2022-06-20 00:56:52,675 - root - DEBUG - 6/./2/./1/./1/./9-ImagesCount
2022-06-20 00:56:52,675 - root - DEBUG - 6/./2/./1/./2-MinusImageIndex
2022-06-20 00:56:52,675 - root - DEBUG - 6/./2/./1/./3-SuffixImageIndexC
2022-06-20 00:56:52,675 - root - DEBUG - 8-Status
2022-06-20 00:56:52,675 - root - DEBUG - 8/./1-DoNotDisturb
2022-06-20 00:56:52,675 - root - DEBUG - 8/./1/./1-Coordinates
2022-06-20 00:56:52,675 - root - DEBUG - 8/./1/./1/./1-X
2022-06-20 00:56:52,675 - root - DEBUG - 8/./1/./1/./2-Y
2022-06-20 00:56:52,675 - root - DEBUG - 8/./1/./2-ImageIndexOn
2022-06-20 00:56:52,675 - root - DEBUG - 8/./3-Bluetooth
2022-06-20 00:56:52,675 - root - DEBUG - 8/./3/./1-Coordinates
2022-06-20 00:56:52,675 - root - DEBUG - 8/./3/./1/./1-X
2022-06-20 00:56:52,675 - root - DEBUG - 8/./3/./1/./2-Y
2022-06-20 00:56:52,675 - root - DEBUG - 8/./3/./3-ImageIndexOff
2022-06-20 00:56:52,675 - root - DEBUG - 8/./4-Alarm
2022-06-20 00:56:52,675 - root - DEBUG - 8/./4/./1-Coordinates
2022-06-20 00:56:52,675 - root - DEBUG - 8/./4/./1/./1-X
2022-06-20 00:56:52,675 - root - DEBUG - 8/./4/./1/./2-Y
2022-06-20 00:56:52,676 - root - DEBUG - 8/./4/./2-ImageIndexOn
2022-06-20 00:56:52,676 - root - DEBUG - 9-Battery
2022-06-20 00:56:52,676 - root - DEBUG - 9/./1-BatteryText
2022-06-20 00:56:52,676 - root - DEBUG - 9/./1/./1-ImageNumber
2022-06-20 00:56:52,676 - root - DEBUG - 9/./1/./1/./1-TopLeftX
2022-06-20 00:56:52,676 - root - DEBUG - 9/./1/./1/./2-TopLeftY
2022-06-20 00:56:52,676 - root - DEBUG - 9/./1/./1/./3-BottomRightX
2022-06-20 00:56:52,676 - root - DEBUG - 9/./1/./1/./4-BottomRightY
2022-06-20 00:56:52,676 - root - DEBUG - 9/./1/./1/./5-Alignment
2022-06-20 00:56:52,676 - root - DEBUG - 9/./1/./1/./6-Spacing
2022-06-20 00:56:52,676 - root - DEBUG - 9/./1/./1/./7-VerticalOffset
2022-06-20 00:56:52,676 - root - DEBUG - 9/./1/./1/./8-ImageIndex
2022-06-20 00:56:52,676 - root - DEBUG - 9/./1/./1/./9-ImagesCount
2022-06-20 00:56:52,676 - root - DEBUG - 9/./1/./4-SuffixImageIndex
2022-06-20 00:56:52,676 - root - DEBUG - 21-TimeDigital
2022-06-20 00:56:52,676 - root - DEBUG - 21/./1-Hours
2022-06-20 00:56:52,676 - root - DEBUG - 21/./1/./1-TopLeftX
2022-06-20 00:56:52,676 - root - DEBUG - 21/./1/./2-TopLeftY
2022-06-20 00:56:52,676 - root - DEBUG - 21/./1/./3-BottomRightX
2022-06-20 00:56:52,676 - root - DEBUG - 21/./1/./4-BottomRightY
2022-06-20 00:56:52,676 - root - DEBUG - 21/./1/./5-Alignment
2022-06-20 00:56:52,676 - root - DEBUG - 21/./1/./6-Spacing
2022-06-20 00:56:52,676 - root - DEBUG - 21/./1/./7-VerticalOffset
2022-06-20 00:56:52,677 - root - DEBUG - 21/./1/./8-ImageIndex
2022-06-20 00:56:52,677 - root - DEBUG - 21/./1/./9-ImagesCount
2022-06-20 00:56:52,677 - root - DEBUG - 21/./3-PaddingZeroHours
2022-06-20 00:56:52,677 - root - DEBUG - 21/./4-DelimiterHoursImageIndex
2022-06-20 00:56:52,677 - root - DEBUG - 21/./6-HoursFollowPosition
2022-06-20 00:56:52,677 - root - DEBUG - 21/./8-Time
2022-06-20 00:56:52,677 - root - DEBUG - 21/./8/./1-Unknown1
2022-06-20 00:56:52,677 - root - DEBUG - 21/./8/./2-Minutes
2022-06-20 00:56:52,677 - root - DEBUG - 21/./8/./2/./1-TopLeftX
2022-06-20 00:56:52,677 - root - DEBUG - 21/./8/./2/./2-TopLeftY
2022-06-20 00:56:52,677 - root - DEBUG - 21/./8/./2/./3-BottomRightX
2022-06-20 00:56:52,677 - root - DEBUG - 21/./8/./2/./4-BottomRightY
2022-06-20 00:56:52,677 - root - DEBUG - 21/./8/./2/./5-Alignment
2022-06-20 00:56:52,677 - root - DEBUG - 21/./8/./2/./6-Spacing
2022-06-20 00:56:52,677 - root - DEBUG - 21/./8/./2/./7-VerticalOffset
2022-06-20 00:56:52,677 - root - DEBUG - 21/./8/./2/./8-ImageIndex
2022-06-20 00:56:52,677 - root - DEBUG - 21/./8/./2/./9-ImagesCount
2022-06-20 00:56:52,677 - root - DEBUG - 21/./8/./4-PaddingZeroMinutes
2022-06-20 00:56:52,677 - root - DEBUG - 21/./8/./5-PaddingZeroSeconds
2022-06-20 00:56:52,677 - root - DEBUG - 21/./8/./8-MinutesFollowHours
2022-06-20 00:56:52,677 - root - DEBUG - 21/./8/./9-SecondsFollowMinutes
2022-06-20 00:56:52,677 - root - DEBUG - generatePreviews
2022-06-20 00:56:52,677 - root - DEBUG - Generating previews...
2022-06-20 00:56:52,678 - root - DEBUG - Generating states done...
2022-06-20 00:56:52,679 - root - DEBUG - >>>>>>>>>>>> 0 <watchFaceParser.models.parameter.Parameter object at 0x7fca4b884af0>
2022-06-20 00:56:52,679 - root - DEBUG - >>>>>>>>>>>> 2 <watchFaceParser.models.parameter.Parameter object at 0x7fca4baaec80>
2022-06-20 00:56:52,680 - root - DEBUG - >>>>>>>>>>>> 4 <watchFaceParser.models.parameter.Parameter object at 0x7fca4baae5c0>
2022-06-20 00:56:52,681 - root - DEBUG - >>>>>>>>>>>> 5 <watchFaceParser.models.parameter.Parameter object at 0x7fca4bb016c0>
2022-06-20 00:56:52,683 - root - DEBUG - >>>>>>>>>>>> 6 <watchFaceParser.models.parameter.Parameter object at 0x7fca4bb02920>
2022-06-20 00:56:52,683 - root - DEBUG - >>>>>>>>>>>> 8 <watchFaceParser.models.parameter.Parameter object at 0x7fca4bb03250>
2022-06-20 00:56:52,685 - root - DEBUG - >>>>>>>>>>>> 9 <watchFaceParser.models.parameter.Parameter object at 0x7fca4bb032b0>
2022-06-20 00:56:52,685 - root - DEBUG - >>>>>>>>>>>> 21 <watchFaceParser.models.parameter.Parameter object at 0x7fca4bb03e50>
2022-06-20 00:56:52,690 - root - DEBUG - Generating static preview gen done...
2022-06-20 00:56:52,714 - root - DEBUG - Generating static preview save done...
2022-06-20 00:56:52,714 - root - DEBUG - Generating anim preview gen done...
2022-06-20 00:56:52,714 - root - DEBUG - >>>>>>>>>>>> 0 <watchFaceParser.models.parameter.Parameter object at 0x7fca4b884af0>
2022-06-20 00:56:52,714 - root - DEBUG - >>>>>>>>>>>> 2 <watchFaceParser.models.parameter.Parameter object at 0x7fca4baaec80>
2022-06-20 00:56:52,714 - root - DEBUG - >>>>>>>>>>>> 4 <watchFaceParser.models.parameter.Parameter object at 0x7fca4baae5c0>
2022-06-20 00:56:52,714 - root - DEBUG - >>>>>>>>>>>> 5 <watchFaceParser.models.parameter.Parameter object at 0x7fca4bb016c0>
2022-06-20 00:56:52,715 - root - DEBUG - >>>>>>>>>>>> 6 <watchFaceParser.models.parameter.Parameter object at 0x7fca4bb02920>
2022-06-20 00:56:52,715 - root - DEBUG - >>>>>>>>>>>> 8 <watchFaceParser.models.parameter.Parameter object at 0x7fca4bb03250>
2022-06-20 00:56:52,715 - root - DEBUG - >>>>>>>>>>>> 9 <watchFaceParser.models.parameter.Parameter object at 0x7fca4bb032b0>
2022-06-20 00:56:52,715 - root - DEBUG - >>>>>>>>>>>> 21 <watchFaceParser.models.parameter.Parameter object at 0x7fca4bb03e50>
2022-06-20 00:56:52,778 - root - DEBUG - generatePreviews done
2022-06-20 00:56:52,778 - root - DEBUG - Exporting resources to './gtsmini_5922'
2022-06-20 00:56:52,779 - root - DEBUG - extracting ./gtsmini_5922/0000.png...
2022-06-20 00:56:52,782 - root - DEBUG - extracting ./gtsmini_5922/0001.png...
2022-06-20 00:56:52,786 - root - DEBUG - extracting ./gtsmini_5922/0002.png...
2022-06-20 00:56:52,786 - root - DEBUG - extracting ./gtsmini_5922/0003.png...
2022-06-20 00:56:52,786 - root - DEBUG - extracting ./gtsmini_5922/0004.png...
2022-06-20 00:56:52,787 - root - DEBUG - extracting ./gtsmini_5922/0005.png...
2022-06-20 00:56:52,787 - root - DEBUG - extracting ./gtsmini_5922/0006.png...
2022-06-20 00:56:52,787 - root - DEBUG - extracting ./gtsmini_5922/0007.png...
2022-06-20 00:56:52,787 - root - DEBUG - extracting ./gtsmini_5922/0008.png...
2022-06-20 00:56:52,788 - root - DEBUG - extracting ./gtsmini_5922/0009.png...
2022-06-20 00:56:52,788 - root - DEBUG - extracting ./gtsmini_5922/0010.png...
2022-06-20 00:56:52,788 - root - DEBUG - extracting ./gtsmini_5922/0011.png...
2022-06-20 00:56:52,788 - root - DEBUG - extracting ./gtsmini_5922/0012.png...
2022-06-20 00:56:52,789 - root - DEBUG - extracting ./gtsmini_5922/0013.png...
2022-06-20 00:56:52,790 - root - DEBUG - extracting ./gtsmini_5922/0014.png...
2022-06-20 00:56:52,790 - root - DEBUG - extracting ./gtsmini_5922/0015.png...
2022-06-20 00:56:52,791 - root - DEBUG - extracting ./gtsmini_5922/0016.png...
2022-06-20 00:56:52,791 - root - DEBUG - extracting ./gtsmini_5922/0017.png...
2022-06-20 00:56:52,792 - root - DEBUG - extracting ./gtsmini_5922/0018.png...
2022-06-20 00:56:52,792 - root - DEBUG - extracting ./gtsmini_5922/0019.png...
2022-06-20 00:56:52,793 - root - DEBUG - extracting ./gtsmini_5922/0020.png...
2022-06-20 00:56:52,793 - root - DEBUG - extracting ./gtsmini_5922/0021.png...
2022-06-20 00:56:52,794 - root - DEBUG - extracting ./gtsmini_5922/0022.png...
2022-06-20 00:56:52,795 - root - DEBUG - extracting ./gtsmini_5922/0023.png...
2022-06-20 00:56:52,796 - root - DEBUG - extracting ./gtsmini_5922/0024.png...
2022-06-20 00:56:52,796 - root - DEBUG - extracting ./gtsmini_5922/0025.png...
2022-06-20 00:56:52,797 - root - DEBUG - extracting ./gtsmini_5922/0026.png...
2022-06-20 00:56:52,798 - root - DEBUG - extracting ./gtsmini_5922/0027.png...
2022-06-20 00:56:52,799 - root - DEBUG - extracting ./gtsmini_5922/0028.png...
2022-06-20 00:56:52,800 - root - DEBUG - extracting ./gtsmini_5922/0029.png...
2022-06-20 00:56:52,800 - root - DEBUG - extracting ./gtsmini_5922/0030.png...
2022-06-20 00:56:52,801 - root - DEBUG - extracting ./gtsmini_5922/0031.png...
2022-06-20 00:56:52,802 - root - DEBUG - extracting ./gtsmini_5922/0032.png...
2022-06-20 00:56:52,802 - root - DEBUG - extracting ./gtsmini_5922/0033.png...
2022-06-20 00:56:52,802 - root - DEBUG - extracting ./gtsmini_5922/0034.png...
2022-06-20 00:56:52,802 - root - DEBUG - extracting ./gtsmini_5922/0035.png...
2022-06-20 00:56:52,802 - root - DEBUG - extracting ./gtsmini_5922/0036.png...
2022-06-20 00:56:52,803 - root - DEBUG - extracting ./gtsmini_5922/0037.png...
2022-06-20 00:56:52,803 - root - DEBUG - extracting ./gtsmini_5922/0038.png...
2022-06-20 00:56:52,803 - root - DEBUG - extracting ./gtsmini_5922/0039.png...
2022-06-20 00:56:52,803 - root - DEBUG - extracting ./gtsmini_5922/0040.png...
2022-06-20 00:56:52,803 - root - DEBUG - extracting ./gtsmini_5922/0041.png...
2022-06-20 00:56:52,804 - root - DEBUG - extracting ./gtsmini_5922/0042.png...
2022-06-20 00:56:52,804 - root - DEBUG - extracting ./gtsmini_5922/0043.png...
2022-06-20 00:56:52,804 - root - DEBUG - extracting ./gtsmini_5922/0044.png...
2022-06-20 00:56:52,805 - root - DEBUG - extracting ./gtsmini_5922/0045.png...
2022-06-20 00:56:52,806 - root - DEBUG - extracting ./gtsmini_5922/0046.png...
2022-06-20 00:56:52,807 - root - DEBUG - extracting ./gtsmini_5922/0047.png...
2022-06-20 00:56:52,808 - root - DEBUG - extracting ./gtsmini_5922/0048.png...
2022-06-20 00:56:52,809 - root - DEBUG - extracting ./gtsmini_5922/0049.png...
2022-06-20 00:56:52,810 - root - DEBUG - extracting ./gtsmini_5922/0050.png...
2022-06-20 00:56:52,811 - root - DEBUG - extracting ./gtsmini_5922/0051.png...
2022-06-20 00:56:52,812 - root - DEBUG - extracting ./gtsmini_5922/0052.png...
2022-06-20 00:56:52,813 - root - DEBUG - extracting ./gtsmini_5922/0053.png...
2022-06-20 00:56:52,814 - root - DEBUG - extracting ./gtsmini_5922/0054.png...
2022-06-20 00:56:52,815 - root - DEBUG - extracting ./gtsmini_5922/0055.png...
2022-06-20 00:56:52,816 - root - DEBUG - extracting ./gtsmini_5922/0056.png...
2022-06-20 00:56:52,817 - root - DEBUG - extracting ./gtsmini_5922/0057.png...
2022-06-20 00:56:52,818 - root - DEBUG - extracting ./gtsmini_5922/0058.png...
2022-06-20 00:56:52,818 - root - DEBUG - extracting ./gtsmini_5922/0059.png...
2022-06-20 00:56:52,819 - root - DEBUG - extracting ./gtsmini_5922/0060.png...
2022-06-20 00:56:52,820 - root - DEBUG - extracting ./gtsmini_5922/0061.png...
2022-06-20 00:56:52,821 - root - DEBUG - extracting ./gtsmini_5922/0062.png...
2022-06-20 00:56:52,822 - root - DEBUG - extracting ./gtsmini_5922/0063.png...
2022-06-20 00:56:52,823 - root - DEBUG - extracting ./gtsmini_5922/0064.png...
2022-06-20 00:56:52,824 - root - DEBUG - extracting ./gtsmini_5922/0065.png...
2022-06-20 00:56:52,825 - root - DEBUG - extracting ./gtsmini_5922/0066.png...
2022-06-20 00:56:52,826 - root - DEBUG - extracting ./gtsmini_5922/0067.png...
2022-06-20 00:56:52,827 - root - DEBUG - extracting ./gtsmini_5922/0068.png...
2022-06-20 00:56:52,828 - root - DEBUG - extracting ./gtsmini_5922/0069.png...
2022-06-20 00:56:52,828 - root - DEBUG - extracting ./gtsmini_5922/0070.png...
2022-06-20 00:56:52,828 - root - DEBUG - extracting ./gtsmini_5922/0071.png...
2022-06-20 00:56:52,829 - root - DEBUG - extracting ./gtsmini_5922/0072.png...
2022-06-20 00:56:52,829 - root - DEBUG - extracting ./gtsmini_5922/0073.png...
2022-06-20 00:56:52,829 - root - DEBUG - extracting ./gtsmini_5922/0074.png...
2022-06-20 00:56:52,829 - root - DEBUG - extracting ./gtsmini_5922/0075.png...
2022-06-20 00:56:52,830 - root - DEBUG - extracting ./gtsmini_5922/0076.png...
2022-06-20 00:56:52,830 - root - DEBUG - extracting ./gtsmini_5922/0077.png...
2022-06-20 00:56:52,830 - root - DEBUG - extracting ./gtsmini_5922/0078.png...
2022-06-20 00:56:52,831 - root - DEBUG - extracting ./gtsmini_5922/0079.png...
2022-06-20 00:56:52,831 - root - DEBUG - extracting ./gtsmini_5922/0080.png...
2022-06-20 00:56:52,832 - root - DEBUG - extracting ./gtsmini_5922/0081.png...
2022-06-20 00:56:52,832 - root - DEBUG - extracting ./gtsmini_5922/0082.png...
2022-06-20 00:56:52,832 - root - DEBUG - extracting ./gtsmini_5922/0083.png...
2022-06-20 00:56:52,833 - root - DEBUG - extracting ./gtsmini_5922/0084.png...
2022-06-20 00:56:52,833 - root - DEBUG - extracting ./gtsmini_5922/0085.png...
2022-06-20 00:56:52,834 - root - DEBUG - extracting ./gtsmini_5922/0086.png...
2022-06-20 00:56:52,834 - root - DEBUG - Exporting config...
